2023-03-24 20:45:39,125 [INFO] Activator:179 - 


2023-03-24 20:45:39,126 [INFO] Activator:180 - !SESSION log4j initialized
2023-03-24 20:47:39,250 [INFO] McuFinderGlobals:52 - Set McuFinder mode to 2 (CubeIDE integrated)
2023-03-24 20:47:39,356 [INFO] ApplicationProperties:181 - Using Application install path: /home/carlos/st/stm32cubeide_1.11.2/plugins/com.st.stm32cube.common.mx_6.7.0.202301130839
2023-03-24 20:47:39,370 [INFO] DbMcusXml:77 - Set database path to: /home/carlos/st/stm32cubeide_1.11.2/plugins/com.st.stm32cube.common.mx_6.7.0.202301130839//db//mcu/
2023-03-24 20:47:39,370 [INFO] ApiDb:273 - Set plugin database path to: /home/carlos/st/stm32cubeide_1.11.2/plugins/com.st.stm32cube.common.mx_6.7.0.202301130839//db//plugins/boardmanager/
2023-03-24 20:47:39,373 [WARN] ApiDb:258 - Overriding images path with different value:  => /home/carlos/st/stm32cubeide_1.11.2/plugins/com.st.stm32cube.common.mx_6.7.0.202301130839//db//plugins/mcufinder/images/
2023-03-24 20:47:39,388 [INFO] ApiDb:249 - Set database path to: /home/carlos/.stmcufinder/plugins/mcufinder//mcu/
2023-03-24 20:47:39,389 [INFO] DbMcusAds:124 - Set database path to: /home/carlos/.stmcufinder/plugins/mcufinder//mcu/
2023-03-24 20:47:39,416 [INFO] CrossReferenceDbSqlite:202 - Set database path to: /home/carlos/.stmcufinder/plugins/mcufinder//mcu/cs/
2023-03-24 20:47:39,503 [INFO] RulesReader:61 - Compatibility file has been processed (283 Rules)
2023-03-24 20:47:39,562 [INFO] DbMcusXml:77 - Set database path to: /home/carlos/st/stm32cubeide_1.11.2/plugins/com.st.stm32cube.common.mx_6.7.0.202301130839//db//mcu/
2023-03-24 20:47:39,563 [INFO] ApiDb:273 - Set plugin database path to: /home/carlos/st/stm32cubeide_1.11.2/plugins/com.st.stm32cube.common.mx_6.7.0.202301130839//db//plugins/boardmanager/
2023-03-24 20:47:39,563 [INFO] ApiDb:260 - Set plugin images path to: /home/carlos/st/stm32cubeide_1.11.2/plugins/com.st.stm32cube.common.mx_6.7.0.202301130839//db//plugins/mcufinder/images/
2023-03-24 20:47:39,563 [WARN] DbFile:40 - Overriding database path with different value: /home/carlos/.stmcufinder/plugins/mcufinder/ => /home/carlos/.stmcufinder/plugins/mcufinder
2023-03-24 20:47:39,563 [INFO] ApiDb:249 - Set database path to: /home/carlos/.stmcufinder/plugins/mcufinder//mcu/
2023-03-24 20:47:39,563 [WARN] DbFile:40 - Overriding database path with different value: /home/carlos/.stmcufinder/plugins/mcufinder/ => /home/carlos/.stmcufinder/plugins/mcufinder
2023-03-24 20:47:39,564 [INFO] DbMcusAds:124 - Set database path to: /home/carlos/.stmcufinder/plugins/mcufinder//mcu/
2023-03-24 20:47:39,564 [WARN] DbFile:40 - Overriding database path with different value: /home/carlos/.stmcufinder/plugins/mcufinder/ => /home/carlos/.stmcufinder/plugins/mcufinder
2023-03-24 20:47:39,565 [WARN] DbFile:40 - Overriding database path with different value: /home/carlos/.stmcufinder/plugins/mcufinder/ => /home/carlos/.stmcufinder/plugins/mcufinder
2023-03-24 20:47:39,565 [INFO] CrossReferenceDbSqlite:202 - Set database path to: /home/carlos/.stmcufinder/plugins/mcufinder//mcu/cs/
2023-03-24 20:47:39,621 [INFO] MainPanel:252 - HeapMemory: 268435456
2023-03-24 20:47:39,710 [INFO] DbMcusXml:77 - Set database path to: /home/carlos/st/stm32cubeide_1.11.2/plugins/com.st.stm32cube.common.mx_6.7.0.202301130839//db//mcu/
2023-03-24 20:47:39,710 [INFO] ApiDb:273 - Set plugin database path to: /home/carlos/st/stm32cubeide_1.11.2/plugins/com.st.stm32cube.common.mx_6.7.0.202301130839//db//plugins/boardmanager/
2023-03-24 20:47:39,710 [INFO] ApiDb:260 - Set plugin images path to: /home/carlos/st/stm32cubeide_1.11.2/plugins/com.st.stm32cube.common.mx_6.7.0.202301130839//db//plugins/mcufinder/images/
2023-03-24 20:47:39,711 [WARN] DbFile:40 - Overriding database path with different value: /home/carlos/.stmcufinder/plugins/mcufinder/ => /home/carlos/.stmcufinder/plugins/mcufinder
2023-03-24 20:47:39,711 [INFO] ApiDb:249 - Set database path to: /home/carlos/.stmcufinder/plugins/mcufinder//mcu/
2023-03-24 20:47:39,711 [WARN] DbFile:40 - Overriding database path with different value: /home/carlos/.stmcufinder/plugins/mcufinder/ => /home/carlos/.stmcufinder/plugins/mcufinder
2023-03-24 20:47:39,711 [INFO] DbMcusAds:124 - Set database path to: /home/carlos/.stmcufinder/plugins/mcufinder//mcu/
2023-03-24 20:47:39,711 [WARN] DbFile:40 - Overriding database path with different value: /home/carlos/.stmcufinder/plugins/mcufinder/ => /home/carlos/.stmcufinder/plugins/mcufinder
2023-03-24 20:47:39,711 [WARN] DbFile:40 - Overriding database path with different value: /home/carlos/.stmcufinder/plugins/mcufinder/ => /home/carlos/.stmcufinder/plugins/mcufinder
2023-03-24 20:47:39,711 [INFO] CrossReferenceDbSqlite:202 - Set database path to: /home/carlos/.stmcufinder/plugins/mcufinder//mcu/cs/
2023-03-24 20:47:39,727 [INFO] ApplicationProperties:181 - Using Application install path: /home/carlos/st/stm32cubeide_1.11.2/plugins/com.st.stm32cube.common.mx_6.7.0.202301130839
2023-03-24 20:47:39,728 [INFO] PluginManage:193 - Search for loadable plugins [exclusion list=, ]
2023-03-24 20:47:39,730 [INFO] PluginManage:307 - Check plugin analytics
2023-03-24 20:47:39,895 [INFO] AnalyticsPlugin:262 - Accepted Software Licenses: 
2023-03-24 20:47:39,895 [INFO] AnalyticsPlugin:264 - Accepted CMSIS Pack Licenses: 
2023-03-24 20:47:39,896 [INFO] AnalyticsPlugin:266 - Accepted Firmware Licenses: 
2023-03-24 20:47:39,901 [INFO] PluginManage:356 - Loaded plugin analytics (category:tool,tabindex:-1)
2023-03-24 20:47:39,901 [INFO] PluginManage:307 - Check plugin cadmodel
2023-03-24 20:47:39,940 [INFO] CADModel:104 - Init CAD model plugin
2023-03-24 20:47:39,940 [INFO] PluginManage:356 - Loaded plugin cadmodel (category:power,tabindex:5)
2023-03-24 20:47:39,940 [INFO] PluginManage:307 - Check plugin clock
2023-03-24 20:47:39,949 [INFO] PluginManage:356 - Loaded plugin clock (category:base,tabindex:2)
2023-03-24 20:47:39,949 [INFO] PluginManage:307 - Check plugin ddr
2023-03-24 20:47:39,951 [INFO] PluginManage:356 - Loaded plugin ddr (category:tool,tabindex:6)
2023-03-24 20:47:39,951 [INFO] PluginManage:307 - Check plugin filemanager
2023-03-24 20:47:40,066 [INFO] PluginManage:356 - Loaded plugin filemanager (category:base,tabindex:10)
2023-03-24 20:47:40,066 [INFO] PluginManage:307 - Check plugin ipmanager
2023-03-24 20:47:40,071 [INFO] PluginManage:356 - Loaded plugin ipmanager (category:base,tabindex:5)
2023-03-24 20:47:40,072 [INFO] PluginManage:307 - Check plugin lpbam
2023-03-24 20:47:40,080 [INFO] PluginManage:356 - Loaded plugin lpbam (category:base,tabindex:0)
2023-03-24 20:47:40,080 [INFO] PluginManage:307 - Check plugin pinoutandconfiguration
2023-03-24 20:47:40,088 [INFO] PluginManage:356 - Loaded plugin pinoutandconfiguration (category:base,tabindex:1)
2023-03-24 20:47:40,088 [INFO] PluginManage:307 - Check plugin pinoutconfig
2023-03-24 20:47:40,113 [INFO] PluginManage:356 - Loaded plugin pinoutconfig (category:base,tabindex:0)
2023-03-24 20:47:40,113 [INFO] PluginManage:307 - Check plugin power
2023-03-24 20:47:40,123 [INFO] PluginManage:356 - Loaded plugin power (category:power,tabindex:4)
2023-03-24 20:47:40,123 [INFO] PluginManage:307 - Check plugin projectmanager
2023-03-24 20:47:40,136 [INFO] PluginManage:356 - Loaded plugin projectmanager (category:projectmanager,tabindex:3)
2023-03-24 20:47:40,136 [INFO] PluginManage:307 - Check plugin thirdparty
2023-03-24 20:47:40,240 [WARN] IntegrityCheckThread:82 - waiting for thirdparty lock release [integrity check]
2023-03-24 20:47:40,241 [INFO] IntegrityCheckThread:84 - entering critical section [integrity check]
2023-03-24 20:47:40,240 [INFO] PluginManage:356 - Loaded plugin thirdparty (category:base,tabindex:-1)
2023-03-24 20:47:40,241 [INFO] PluginManage:307 - Check plugin tools
2023-03-24 20:47:40,243 [INFO] ThirdPartyUpdaterWithRetryManager:70 - Updater plugin not ready yet. [1/15]
2023-03-24 20:47:40,243 [INFO] PluginManage:356 - Loaded plugin tools (category:base,tabindex:7)
2023-03-24 20:47:40,244 [INFO] PluginManage:307 - Check plugin tutovideos
2023-03-24 20:47:40,414 [INFO] PluginManage:356 - Loaded plugin tutovideos (category:base,tabindex:-1)
2023-03-24 20:47:40,414 [INFO] PluginManage:307 - Check plugin updater
2023-03-24 20:47:40,427 [INFO] PluginManage:356 - Loaded plugin updater (category:base,tabindex:12)
2023-03-24 20:47:40,427 [INFO] PluginManage:280 - PluginManage : Loaded plugins [15]
2023-03-24 20:47:40,613 [INFO] PinOutPanel:1477 - setPackage(No Configuration,No Configuration)
2023-03-24 20:47:40,662 [INFO] CADModel:164 - CPN selected for project level
2023-03-24 20:47:40,662 [INFO] CADModel:113 - Register for checkConnection events
2023-03-24 20:47:40,676 [INFO] IPUIPlugin:79 - create IPUIPlugin
2023-03-24 20:47:40,677 [INFO] PluginManager:219 - loadIPPluginJar : add aes
2023-03-24 20:47:40,678 [INFO] IPUIPlugin:79 - create IPUIPlugin
2023-03-24 20:47:40,678 [INFO] PluginManager:219 - loadIPPluginJar : add comp
2023-03-24 20:47:40,680 [INFO] IPUIPlugin:79 - create IPUIPlugin
2023-03-24 20:47:40,680 [INFO] PluginManager:219 - loadIPPluginJar : add fatfs
2023-03-24 20:47:40,684 [INFO] IPUIPlugin:79 - create IPUIPlugin
2023-03-24 20:47:40,685 [INFO] PluginManager:219 - loadIPPluginJar : add gpio
2023-03-24 20:47:40,688 [INFO] IPUIPlugin:79 - create IPUIPlugin
2023-03-24 20:47:40,688 [INFO] PluginManager:219 - loadIPPluginJar : add nvic
2023-03-24 20:47:40,691 [INFO] IPUIPlugin:79 - create IPUIPlugin
2023-03-24 20:47:40,691 [INFO] PluginManager:219 - loadIPPluginJar : add pdm2pcm
2023-03-24 20:47:40,693 [INFO] IPUIPlugin:79 - create IPUIPlugin
2023-03-24 20:47:40,694 [INFO] PluginManager:219 - loadIPPluginJar : add usart
2023-03-24 20:47:40,696 [INFO] IPUIPlugin:79 - create IPUIPlugin
2023-03-24 20:47:40,696 [INFO] PluginManager:219 - loadIPPluginJar : add openamp
2023-03-24 20:47:40,701 [INFO] IPUIPlugin:79 - create IPUIPlugin
2023-03-24 20:47:40,702 [INFO] PluginManager:219 - loadIPPluginJar : add fmc
2023-03-24 20:47:40,703 [INFO] IPUIPlugin:79 - create IPUIPlugin
2023-03-24 20:47:40,703 [INFO] PluginManager:219 - loadIPPluginJar : add tsc
2023-03-24 20:47:40,705 [INFO] IPUIPlugin:79 - create IPUIPlugin
2023-03-24 20:47:40,705 [INFO] PluginManager:219 - loadIPPluginJar : add spi
2023-03-24 20:47:40,707 [INFO] IPUIPlugin:79 - create IPUIPlugin
2023-03-24 20:47:40,708 [INFO] PluginManager:219 - loadIPPluginJar : add lorawan
2023-03-24 20:47:40,709 [INFO] IPUIPlugin:79 - create IPUIPlugin
2023-03-24 20:47:40,709 [INFO] PluginManager:219 - loadIPPluginJar : add quadspi
2023-03-24 20:47:40,715 [INFO] IPUIPlugin:79 - create IPUIPlugin
2023-03-24 20:47:40,718 [INFO] PluginManager:219 - loadIPPluginJar : add plateformsettings
2023-03-24 20:47:40,723 [INFO] IPUIPlugin:79 - create IPUIPlugin
2023-03-24 20:47:40,724 [INFO] PluginManager:219 - loadIPPluginJar : add dma
2023-03-24 20:47:40,726 [INFO] IPUIPlugin:79 - create IPUIPlugin
2023-03-24 20:47:40,726 [INFO] PluginManager:219 - loadIPPluginJar : add dma3
2023-03-24 20:47:40,729 [INFO] IPUIPlugin:79 - create IPUIPlugin
2023-03-24 20:47:40,729 [INFO] PluginManager:219 - loadIPPluginJar : add opamp
2023-03-24 20:47:40,731 [INFO] IPUIPlugin:79 - create IPUIPlugin
2023-03-24 20:47:40,731 [INFO] PluginManager:219 - loadIPPluginJar : add dfsdm
2023-03-24 20:47:40,733 [INFO] IPUIPlugin:79 - create IPUIPlugin
2023-03-24 20:47:40,734 [INFO] PluginManager:219 - loadIPPluginJar : add cryp
2023-03-24 20:47:40,736 [INFO] IPUIPlugin:79 - create IPUIPlugin
2023-03-24 20:47:40,736 [INFO] PluginManager:219 - loadIPPluginJar : add hash
2023-03-24 20:47:40,740 [INFO] IPUIPlugin:79 - create IPUIPlugin
2023-03-24 20:47:40,741 [INFO] PluginManager:219 - loadIPPluginJar : add gic
2023-03-24 20:47:40,742 [INFO] IPUIPlugin:79 - create IPUIPlugin
2023-03-24 20:47:40,742 [INFO] PluginManager:219 - loadIPPluginJar : add genericplugin
2023-03-24 20:47:40,745 [INFO] IPUIPlugin:79 - create IPUIPlugin
2023-03-24 20:47:40,745 [INFO] PluginManager:219 - loadIPPluginJar : add ipddr
2023-03-24 20:47:40,751 [INFO] IPUIPlugin:79 - create IPUIPlugin
2023-03-24 20:47:40,752 [INFO] PluginManager:219 - loadIPPluginJar : add linkedlist
2023-03-24 20:47:40,754 [INFO] IPUIPlugin:79 - create IPUIPlugin
2023-03-24 20:47:40,754 [INFO] PluginManager:219 - loadIPPluginJar : add gfxmmu
2023-03-24 20:47:40,755 [INFO] IPUIPlugin:79 - create IPUIPlugin
2023-03-24 20:47:40,755 [INFO] PluginManager:219 - loadIPPluginJar : add ltdc
2023-03-24 20:47:40,759 [INFO] IPUIPlugin:79 - create IPUIPlugin
2023-03-24 20:47:40,759 [INFO] PluginManager:219 - loadIPPluginJar : add resmgrutility
2023-03-24 20:47:40,764 [INFO] IPUIPlugin:79 - create IPUIPlugin
2023-03-24 20:47:40,765 [INFO] PluginManager:219 - loadIPPluginJar : add mdma
2023-03-24 20:47:40,769 [INFO] IPUIPlugin:79 - create IPUIPlugin
2023-03-24 20:47:40,769 [INFO] PluginManager:219 - loadIPPluginJar : add stm32_wpan
2023-03-24 20:47:40,772 [INFO] IPUIPlugin:79 - create IPUIPlugin
2023-03-24 20:47:40,772 [INFO] PluginManager:219 - loadIPPluginJar : add sai
2023-03-24 20:47:40,778 [INFO] IPUIPlugin:79 - create IPUIPlugin
2023-03-24 20:47:40,778 [INFO] PluginManager:219 - loadIPPluginJar : add adc
2023-03-24 20:47:40,780 [INFO] IPUIPlugin:79 - create IPUIPlugin
2023-03-24 20:47:40,780 [INFO] PluginManager:219 - loadIPPluginJar : add ts
2023-03-24 20:47:40,785 [INFO] IPUIPlugin:79 - create IPUIPlugin
2023-03-24 20:47:40,785 [INFO] PluginManager:219 - loadIPPluginJar : add freertos
2023-03-24 20:47:40,787 [INFO] IPUIPlugin:79 - create IPUIPlugin
2023-03-24 20:47:40,787 [INFO] PluginManager:219 - loadIPPluginJar : add ucpd
2023-03-24 20:47:40,789 [INFO] IPUIPlugin:79 - create IPUIPlugin
2023-03-24 20:47:40,789 [INFO] PluginManager:219 - loadIPPluginJar : add tim
2023-03-24 20:47:40,791 [INFO] IPUIPlugin:79 - create IPUIPlugin
2023-03-24 20:47:40,792 [INFO] PluginManager:219 - loadIPPluginJar : add gtzc
2023-03-24 20:47:40,794 [INFO] IPUIPlugin:79 - create IPUIPlugin
2023-03-24 20:47:40,795 [INFO] PluginManager:219 - loadIPPluginJar : add usbx
2023-03-24 20:47:40,797 [INFO] IPUIPlugin:79 - create IPUIPlugin
2023-03-24 20:47:40,797 [INFO] PluginManager:219 - loadIPPluginJar : add tracer_emb
2023-03-24 20:47:40,799 [INFO] IPUIPlugin:79 - create IPUIPlugin
2023-03-24 20:47:40,799 [INFO] PluginManager:219 - loadIPPluginJar : add i2s
2023-03-24 20:47:40,801 [INFO] IPUIPlugin:79 - create IPUIPlugin
2023-03-24 20:47:40,802 [INFO] PluginManager:219 - loadIPPluginJar : add i2c
2023-03-24 20:47:40,804 [INFO] IPUIPlugin:79 - create IPUIPlugin
2023-03-24 20:47:40,804 [INFO] PluginManager:219 - loadIPPluginJar : add can
2023-03-24 20:47:40,807 [INFO] IPUIPlugin:79 - create IPUIPlugin
2023-03-24 20:47:40,808 [INFO] PluginManager:219 - loadIPPluginJar : add touchsensing
2023-03-24 20:47:40,911 [INFO] CADModel:164 - CPN selected for project level
2023-03-24 20:47:40,911 [INFO] CADModel:113 - Register for checkConnection events
2023-03-24 20:47:40,911 [FATAL] Updater:308 - Updater called before beeing initialized
2023-03-24 20:47:40,911 [ERROR] CADModel:124 - Updater not yet initialized, retry later 
2023-03-24 20:47:41,040 [INFO] CADModel:164 - CPN selected for project level
2023-03-24 20:47:41,040 [INFO] CADModel:113 - Register for checkConnection events
2023-03-24 20:47:41,040 [FATAL] Updater:308 - Updater called before beeing initialized
2023-03-24 20:47:41,040 [ERROR] CADModel:124 - Updater not yet initialized, retry later 
2023-03-24 20:47:41,043 [FATAL] Updater:308 - Updater called before beeing initialized
2023-03-24 20:47:41,112 [FATAL] Updater:308 - Updater called before beeing initialized
2023-03-24 20:47:41,118 [INFO] DbMcusAds:52 - JSON generation date=Tue Mar 07 09:50:55 CET 2023 (1678179055114)
2023-03-24 20:47:41,118 [FATAL] Updater:308 - Updater called before beeing initialized
2023-03-24 20:47:41,147 [WARN] DetailPanel:344 - Failed to get advertising image, set to default
2023-03-24 20:47:41,257 [FATAL] Updater:308 - Updater called before beeing initialized
2023-03-24 20:47:41,259 [FATAL] Updater:308 - Updater called before beeing initialized
2023-03-24 20:47:41,259 [FATAL] Updater:308 - Updater called before beeing initialized
2023-03-24 20:47:41,260 [WARN] DetailPanel:344 - Failed to get advertising image, set to default
2023-03-24 20:47:41,260 [FATAL] Updater:308 - Updater called before beeing initialized
2023-03-24 20:47:41,288 [ERROR] Updater:1120 - MainUpdater not yet initialized. External WinMGr cannot be set.
2023-03-24 20:47:41,290 [INFO] Updater:1056 - Updater Version found : 6.7.0
2023-03-24 20:47:41,307 [INFO] ApplicationProperties:181 - Using Application install path: /home/carlos/st/stm32cubeide_1.11.2/plugins/com.st.stm32cube.common.mx_6.7.0.202301130839
2023-03-24 20:47:41,681 [INFO] MainUpdater:2800 - connection check result : 10
2023-03-24 20:47:41,681 [INFO] MainUpdater:3494 - Updater definition file requires update
2023-03-24 20:47:41,682 [INFO] MainUpdater:282 - Updater Check For Update Now.
2023-03-24 20:47:41,683 [INFO] MicroXplorer:481 - Change Database Version : DB.6.0.70
2023-03-24 20:47:41,886 [INFO] ServerAccessManage:474 - Download File updaters.zip
2023-03-24 20:47:41,931 [INFO] FileExtend:239 - Unzip File : updaters.zip
2023-03-24 20:47:41,931 [INFO] FileExtend:254 - Standard Zip Deflate
2023-03-24 20:47:42,216 [INFO] ServerAccessManage:474 - Download File PacksControlFlags.xml
2023-03-24 20:47:42,495 [INFO] ServerAccessManage:474 - Download File cubemx.pidx
2023-03-24 20:47:42,927 [INFO] ServerAccessManage:474 - Download File STMicroelectronics.X-CUBE-TOF1.pdsc
2023-03-24 20:47:43,169 [ERROR] ServerAccessManage:1090 - Problem, file not found on Server
2023-03-24 20:47:43,232 [INFO] ServerAccessManage:474 - Download File STMicroelectronics.X-CUBE-TOUCHGFX.pdsc
2023-03-24 20:47:43,245 [WARN] MainUpdater:1186 - Updater busy. Cannot search thirdparties
2023-03-24 20:47:43,245 [INFO] ThirdPartyUpdaterWithRetryManager:96 - Updater plugin is busy. [1/15]
2023-03-24 20:47:43,356 [ERROR] ServerAccessManage:1090 - Problem, file not found on Server
2023-03-24 20:47:43,883 [WARN] PackLoader:242 - Cannot read IP mode file for STMicroelectronics.X-CUBE-TOF1.3.3.0
2023-03-24 20:47:43,906 [WARN] PackLoader:242 - Cannot read IP mode file for STMicroelectronics.X-CUBE-TOUCHGFX.4.21.3
2023-03-24 20:47:43,907 [INFO] PopulateThirdPartyThread:64 - Ending populate Thread
2023-03-24 20:47:43,908 [INFO] ThirdParty:999 - CMSIS Pack Vendor :STMicroelectronics X-CUBE-TOUCHGFX 4.21.3
2023-03-24 20:47:43,908 [INFO] ThirdParty:999 - CMSIS Pack Vendor :STMicroelectronics X-CUBE-TOF1 3.3.0
2023-03-24 20:47:43,909 [INFO] LoadServerUpdatesThread:367 - End of LoadServerUpdate Thread
2023-03-24 20:47:43,993 [INFO] CheckServerUpdateThread:119 - End of CheckServer Thread
2023-03-24 20:47:44,094 [INFO] MainUpdater:2800 - connection check result : 10
2023-03-24 20:47:44,097 [INFO] McuFinderGlobals:65 - Set McuFinderConnectedMode to true
2023-03-24 20:47:44,323 [INFO] ServerAccessManage:474 - Download File mcusAds.json._tmp_
2023-03-24 20:47:44,432 [INFO] LoadUrlFilesThread:150 - End of LoadUrlFiles Thread
2023-03-24 20:47:44,647 [INFO] ServerAccessManage:474 - Download File cube-finder-db.zip
2023-03-24 20:47:46,246 [WARN] MainUpdater:1186 - Updater busy. Cannot search thirdparties
2023-03-24 20:47:46,246 [INFO] ThirdPartyUpdaterWithRetryManager:96 - Updater plugin is busy. [2/15]
2023-03-24 20:47:46,950 [INFO] FileExtend:239 - Unzip File : cube-finder-db.zip
2023-03-24 20:47:46,950 [INFO] FileExtend:254 - Standard Zip Deflate
2023-03-24 20:47:47,459 [INFO] LoadUrlFilesThread:150 - End of LoadUrlFiles Thread
2023-03-24 20:47:47,698 [INFO] ServerAccessManage:474 - Download File crdb.zip
2023-03-24 20:47:47,901 [INFO] FileExtend:239 - Unzip File : crdb.zip
2023-03-24 20:47:47,901 [INFO] FileExtend:254 - Standard Zip Deflate
2023-03-24 20:47:48,018 [INFO] LoadUrlFilesThread:150 - End of LoadUrlFiles Thread
2023-03-24 20:47:48,273 [INFO] ServerAccessManage:474 - Download File tutoVideoDB.zip
2023-03-24 20:47:48,332 [INFO] FileExtend:239 - Unzip File : tutoVideoDB.zip
2023-03-24 20:47:48,332 [INFO] FileExtend:254 - Standard Zip Deflate
2023-03-24 20:47:48,436 [INFO] LoadUrlFilesThread:150 - End of LoadUrlFiles Thread
2023-03-24 20:47:48,444 [INFO] JxBrowserEngine:114 - Initiate JxBrowser Engine with user profile folder
2023-03-24 20:47:49,244 [WARN] DbFile:40 - Overriding database path with different value: /home/carlos/.stmcufinder/plugins/mcufinder/ => /home/carlos/.stmcufinder/plugins/mcufinder
2023-03-24 20:47:49,246 [WARN] MainUpdater:1186 - Updater busy. Cannot search thirdparties
2023-03-24 20:47:49,246 [INFO] ThirdPartyUpdaterWithRetryManager:96 - Updater plugin is busy. [3/15]
2023-03-24 20:47:49,458 [INFO] ServerAccessManage:474 - Download File api_config.json
2023-03-24 20:47:49,561 [INFO] LoadUrlFilesThread:150 - End of LoadUrlFiles Thread
2023-03-24 20:47:49,562 [INFO] DbMcusAds:52 - JSON generation date=Tue Mar 07 09:50:55 CET 2023 (1678179055114)
2023-03-24 20:47:49,593 [INFO] LoadUrlFilesThread:179 - End of LoadServerUrlFiles without Thread
2023-03-24 20:47:49,593 [INFO] TargetSelectorAdapter:258 - Refresh data is successful
2023-03-24 20:47:49,656 [INFO] ApiDb:580 - Connected to CubeFinder SQLite database (/home/carlos/.stmcufinder/plugins/mcufinder/mcu/cube-finder-db.db)
2023-03-24 20:47:49,695 [INFO] ApiDb:667 - CubeFinder database Data Model version=2.1
2023-03-24 20:47:49,695 [INFO] ApiDb:668 - CubeFinder database Configuration version=3.0.35
2023-03-24 20:47:49,696 [INFO] ApiDb:669 - CubeFinder database generation date=2023-03-10 (1678456172)
2023-03-24 20:47:49,696 [INFO] ApiDb:670 - CubeFinder database FW Pack versions=[FP-ATR-ASTRA1_V1.1.1, STM32Cube_FW_C0_V1.0.1, STM32Cube_FW_F0_V1.11.4, STM32Cube_FW_F3_V1.11.4, STM32Cube_FW_F4_V1.27.1, STM32Cube_FW_F7_V1.17.0, STM32Cube_FW_G0_V1.6.1, STM32Cube_FW_G4_V1.5.1, STM32Cube_FW_H5_V0.5.1, STM32Cube_FW_H5_V1.0.0, STM32Cube_FW_H7_V1.11.0, STM32Cube_FW_L0_V1.12.2, STM32Cube_FW_L5_V1.5.0, STM32Cube_FW_U5_V1.2.0, STM32Cube_FW_WBA_V1.0.0, STM32Cube_FW_WBA_V1.0.0RC1, STM32Cube_FW_WBA_V1.0.0RC3, STM32Cube_FW_WB_V1.15.0RC1, STM32Cube_FW_WB_V1.16.0, STM32Cube_FW_WB_V1.16.0RC2, STM32Cube_FW_WL_V1.3.0, X-CUBE-ALGOBUILD_V1.3.0, X-CUBE-ALS_V1.0.1, X-CUBE-AZRTOS-F4_V1.1.0, X-CUBE-AZRTOS-F7_V1.1.0, X-CUBE-AZRTOS-G0_V1.1.0, X-CUBE-AZRTOS-G4_V1.0.0, X-CUBE-AZRTOS-H7_V3.0.0, X-CUBE-AZRTOS-L4_V1.0.0, X-CUBE-AZRTOS-L5_V1.1.0, X-CUBE-AZRTOS-WB_V1.1.0, X-CUBE-AZRTOS-WL_V1.0.0, X-CUBE-BLE1_V6.2.4, X-CUBE-BLE2_V3.3.0, X-CUBE-BLEMGR_V1.3.0, X-CUBE-EEPRMA1_V4.1.0, X-CUBE-GNSS1_V6.0.0, X-CUBE-MEMS1_V9.1.0, X-CUBE-MEMS1_V9.4.0, X-CUBE-MEMS1_V9.5.0, X-CUBE-NFC4_V3.0.0, X-CUBE-NFC7_V1.0.0, X-CUBE-SFXS2LP1_V4.0.0, X-CUBE-SUBG2_V5.0.0]
2023-03-24 20:47:51,268 [INFO] ApiDb:239 - Found 143 in-development CPN: [B-WB1M-WPAN1, B-WL5M-SUBG1, NUCLEO-C031C6, STEVAL-PROTEUS1, STEVAL-STWINBX1, STM320518-EVAL, STM32C0116-DK, STM32C011D6Y3TR, STM32C011D6Y6TR, STM32C011F4P3, STM32C011F4P6, STM32C011F4U3, STM32C011F4U6TR, STM32C011F6P3, STM32C011F6P6, STM32C011F6U3, STM32C011F6U6TR, STM32C011J4M3, STM32C011J4M6, STM32C011J6M3, STM32C011J6M6, STM32C0316-DK, STM32C031C4T3, STM32C031C4T6, STM32C031C4U3, STM32C031C4U6, STM32C031C6T3, STM32C031C6T6, STM32C031C6U3, STM32C031C6U6, STM32C031F4P3, STM32C031F4P6, STM32C031F6P3, STM32C031F6P6, STM32C031G4U3, STM32C031G4U6, STM32C031G6U3, STM32C031G6U6, STM32C031K4T3, STM32C031K4T6, STM32C031K4U3, STM32C031K4U6, STM32C031K6T3, STM32C031K6T6, STM32C031K6U3, STM32C031K6U6, STM32G071K8TXN, STM32G071K8UXN, STM32G081GBU6N, STM32G081KBT6N, STM32G081KBUXN, STM32G0B1CCT6N, STM32G0B1KCT6, STM32G0B1NEY6TR, STM32G0B1RCT6N, STM32G0C1CCT6, STM32G0C1CCT6N, STM32G0C1CCU6N, STM32G0C1CET6N, STM32G0C1CEU6N, STM32G0C1KCT6, STM32G0C1NEY6TR, STM32G0C1RCI6N, STM32G0C1RCT6N, STM32G0C1REI6N, STM32G0C1RET6N, STM32G0C1VCI6, STM32G0C1VEI6, STM32G471CCT6, STM32G471CCU6, STM32G471CET3, STM32G471CET6, STM32G471CEU3, STM32G471CEU6, STM32G471MCT6, STM32G471MET3, STM32G471MET6, STM32G471MEY6TR, STM32G471QCT6, STM32G471QET3, STM32G471RCT6, STM32G471RET3, STM32G471RET6, STM32G471VCH6, STM32G471VCI6, STM32G471VCT6, STM32G471VEH3, STM32G471VEH6, STM32G471VEI3, STM32G471VEI6, STM32G471VET3, STM32G471VET6, STM32G474CCT6, STM32L476VGY6PTR, STM32L4R5QGI6STR, STM32MP131AAE3, STM32MP131AAF3, STM32MP131AAG3, STM32MP131CAE3, STM32MP131CAF3, STM32MP131CAG3, STM32MP131DAE7, STM32MP131DAF7, STM32MP131DAG7, STM32MP131FAE7, STM32MP131FAF7, STM32MP131FAG7, STM32MP133AAE3, STM32MP133AAF3, STM32MP133AAG3, STM32MP133CAE3, STM32MP133CAF3, STM32MP133CAG3, STM32MP133DAE7, STM32MP133DAF7, STM32MP133DAG7, STM32MP133FAE7, STM32MP133FAF7, STM32MP133FAG7, STM32MP135AAE3, STM32MP135AAF3, STM32MP135AAG3, STM32MP135CAE3, STM32MP135CAF3, STM32MP135CAG3, STM32MP135DAE7, STM32MP135DAF7, STM32MP135DAG7, STM32MP135F-DK, STM32MP135FAE7, STM32MP135FAF7, STM32MP135FAF7T, STM32MP135FAF7U, STM32MP135FAG7, STM32U595ZJT6Q, STM32U599BJY6QTR, STM32U599NIH6Q, STM32U599NJH6Q, STM32U5A5ZJT6Q, STM32U5A9BJY6QTR, STM32U5A9NJH6Q, STM32WB1MMCH6, STM32WL5MOCH6TR]
2023-03-24 20:47:51,273 [INFO] DbMcus:215 - Found 3680 MCUs, 3680 are supported
2023-03-24 20:47:51,276 [INFO] ApiDb:422 - Load user favorites file /home/carlos/.stm32cubeide/favorites.mcus.txt: 1 item(s)
2023-03-24 20:47:51,276 [INFO] ApiDb:426 - User favorites MCUs=[STM32F446RET6]
2023-03-24 20:47:51,276 [INFO] DbMcus:221 - Set 1 / 1 favorites MCUs
2023-03-24 20:47:51,484 [INFO] ApiDb:667 - CubeFinder database Data Model version=2.1
2023-03-24 20:47:51,484 [INFO] ApiDb:668 - CubeFinder database Configuration version=3.0.35
2023-03-24 20:47:51,484 [INFO] ApiDb:669 - CubeFinder database generation date=2023-03-10 (1678456172)
2023-03-24 20:47:51,484 [INFO] ApiDb:670 - CubeFinder database FW Pack versions=[FP-ATR-ASTRA1_V1.1.1, STM32Cube_FW_C0_V1.0.1, STM32Cube_FW_F0_V1.11.4, STM32Cube_FW_F3_V1.11.4, STM32Cube_FW_F4_V1.27.1, STM32Cube_FW_F7_V1.17.0, STM32Cube_FW_G0_V1.6.1, STM32Cube_FW_G4_V1.5.1, STM32Cube_FW_H5_V0.5.1, STM32Cube_FW_H5_V1.0.0, STM32Cube_FW_H7_V1.11.0, STM32Cube_FW_L0_V1.12.2, STM32Cube_FW_L5_V1.5.0, STM32Cube_FW_U5_V1.2.0, STM32Cube_FW_WBA_V1.0.0, STM32Cube_FW_WBA_V1.0.0RC1, STM32Cube_FW_WBA_V1.0.0RC3, STM32Cube_FW_WB_V1.15.0RC1, STM32Cube_FW_WB_V1.16.0, STM32Cube_FW_WB_V1.16.0RC2, STM32Cube_FW_WL_V1.3.0, X-CUBE-ALGOBUILD_V1.3.0, X-CUBE-ALS_V1.0.1, X-CUBE-AZRTOS-F4_V1.1.0, X-CUBE-AZRTOS-F7_V1.1.0, X-CUBE-AZRTOS-G0_V1.1.0, X-CUBE-AZRTOS-G4_V1.0.0, X-CUBE-AZRTOS-H7_V3.0.0, X-CUBE-AZRTOS-L4_V1.0.0, X-CUBE-AZRTOS-L5_V1.1.0, X-CUBE-AZRTOS-WB_V1.1.0, X-CUBE-AZRTOS-WL_V1.0.0, X-CUBE-BLE1_V6.2.4, X-CUBE-BLE2_V3.3.0, X-CUBE-BLEMGR_V1.3.0, X-CUBE-EEPRMA1_V4.1.0, X-CUBE-GNSS1_V6.0.0, X-CUBE-MEMS1_V9.1.0, X-CUBE-MEMS1_V9.4.0, X-CUBE-MEMS1_V9.5.0, X-CUBE-NFC4_V3.0.0, X-CUBE-NFC7_V1.0.0, X-CUBE-SFXS2LP1_V4.0.0, X-CUBE-SUBG2_V5.0.0]
2023-03-24 20:47:51,529 [INFO] DbBoardsSqlite:225 - include board P-NUCLEO-WB55-NUCLEO as a kit item of type 'Nucleo-64'
2023-03-24 20:47:51,530 [INFO] DbBoardsSqlite:225 - include board P-NUCLEO-WB55-USBDONGLE as a kit item of type 'Nucleo USB Dongle'
2023-03-24 20:47:51,530 [INFO] DbBoardsSqlite:225 - include board STEVAL-IDP005V1 as a kit item of type 'Evaluation Board'
2023-03-24 20:47:51,530 [INFO] DbBoardsSqlite:225 - include board STEVAL-IDP005V2 as a kit item of type 'Evaluation Board'
2023-03-24 20:47:51,552 [INFO] ApiDb:239 - Found 143 in-development CPN: [B-WB1M-WPAN1, B-WL5M-SUBG1, NUCLEO-C031C6, STEVAL-PROTEUS1, STEVAL-STWINBX1, STM320518-EVAL, STM32C0116-DK, STM32C011D6Y3TR, STM32C011D6Y6TR, STM32C011F4P3, STM32C011F4P6, STM32C011F4U3, STM32C011F4U6TR, STM32C011F6P3, STM32C011F6P6, STM32C011F6U3, STM32C011F6U6TR, STM32C011J4M3, STM32C011J4M6, STM32C011J6M3, STM32C011J6M6, STM32C0316-DK, STM32C031C4T3, STM32C031C4T6, STM32C031C4U3, STM32C031C4U6, STM32C031C6T3, STM32C031C6T6, STM32C031C6U3, STM32C031C6U6, STM32C031F4P3, STM32C031F4P6, STM32C031F6P3, STM32C031F6P6, STM32C031G4U3, STM32C031G4U6, STM32C031G6U3, STM32C031G6U6, STM32C031K4T3, STM32C031K4T6, STM32C031K4U3, STM32C031K4U6, STM32C031K6T3, STM32C031K6T6, STM32C031K6U3, STM32C031K6U6, STM32G071K8TXN, STM32G071K8UXN, STM32G081GBU6N, STM32G081KBT6N, STM32G081KBUXN, STM32G0B1CCT6N, STM32G0B1KCT6, STM32G0B1NEY6TR, STM32G0B1RCT6N, STM32G0C1CCT6, STM32G0C1CCT6N, STM32G0C1CCU6N, STM32G0C1CET6N, STM32G0C1CEU6N, STM32G0C1KCT6, STM32G0C1NEY6TR, STM32G0C1RCI6N, STM32G0C1RCT6N, STM32G0C1REI6N, STM32G0C1RET6N, STM32G0C1VCI6, STM32G0C1VEI6, STM32G471CCT6, STM32G471CCU6, STM32G471CET3, STM32G471CET6, STM32G471CEU3, STM32G471CEU6, STM32G471MCT6, STM32G471MET3, STM32G471MET6, STM32G471MEY6TR, STM32G471QCT6, STM32G471QET3, STM32G471RCT6, STM32G471RET3, STM32G471RET6, STM32G471VCH6, STM32G471VCI6, STM32G471VCT6, STM32G471VEH3, STM32G471VEH6, STM32G471VEI3, STM32G471VEI6, STM32G471VET3, STM32G471VET6, STM32G474CCT6, STM32L476VGY6PTR, STM32L4R5QGI6STR, STM32MP131AAE3, STM32MP131AAF3, STM32MP131AAG3, STM32MP131CAE3, STM32MP131CAF3, STM32MP131CAG3, STM32MP131DAE7, STM32MP131DAF7, STM32MP131DAG7, STM32MP131FAE7, STM32MP131FAF7, STM32MP131FAG7, STM32MP133AAE3, STM32MP133AAF3, STM32MP133AAG3, STM32MP133CAE3, STM32MP133CAF3, STM32MP133CAG3, STM32MP133DAE7, STM32MP133DAF7, STM32MP133DAG7, STM32MP133FAE7, STM32MP133FAF7, STM32MP133FAG7, STM32MP135AAE3, STM32MP135AAF3, STM32MP135AAG3, STM32MP135CAE3, STM32MP135CAF3, STM32MP135CAG3, STM32MP135DAE7, STM32MP135DAF7, STM32MP135DAG7, STM32MP135F-DK, STM32MP135FAE7, STM32MP135FAF7, STM32MP135FAF7T, STM32MP135FAF7U, STM32MP135FAG7, STM32U595ZJT6Q, STM32U599BJY6QTR, STM32U599NIH6Q, STM32U599NJH6Q, STM32U5A5ZJT6Q, STM32U5A9BJY6QTR, STM32U5A9NJH6Q, STM32WB1MMCH6, STM32WL5MOCH6TR]
2023-03-24 20:47:51,630 [INFO] BoardInfo:879 - No configuration file found for board P-NUCLEO-WB55
2023-03-24 20:47:51,630 [INFO] DbBoards:156 - Kit is not supported: P-NUCLEO-WB55
2023-03-24 20:47:51,633 [INFO] BoardInfo:879 - No configuration file found for board STEVAL-BFA001V1B
2023-03-24 20:47:51,633 [INFO] DbBoards:156 - Kit is not supported: STEVAL-BFA001V1B
2023-03-24 20:47:51,634 [INFO] BoardInfo:879 - No configuration file found for board STEVAL-BFA001V2B
2023-03-24 20:47:51,634 [INFO] DbBoards:156 - Kit is not supported: STEVAL-BFA001V2B
2023-03-24 20:47:51,695 [INFO] DbBoards:160 - Found 179 boards, 176 are supported
2023-03-24 20:47:51,711 [INFO] ApiDb:422 - Load user favorites file /home/carlos/.stm32cubeide/favorites.boards.txt: 4 item(s)
2023-03-24 20:47:51,711 [INFO] ApiDb:426 - User favorites Boards=[NUCLEO-F070RB, NUCLEO-F411RE, NUCLEO-F446RE, STM32H745I-DISCO]
2023-03-24 20:47:51,712 [INFO] DbBoards:189 - Set 4 / 4 favorites Boards
2023-03-24 20:47:51,715 [INFO] ApiDb:667 - CubeFinder database Data Model version=2.1
2023-03-24 20:47:51,715 [INFO] ApiDb:668 - CubeFinder database Configuration version=3.0.35
2023-03-24 20:47:51,715 [INFO] ApiDb:669 - CubeFinder database generation date=2023-03-10 (1678456172)
2023-03-24 20:47:51,715 [INFO] ApiDb:670 - CubeFinder database FW Pack versions=[FP-ATR-ASTRA1_V1.1.1, STM32Cube_FW_C0_V1.0.1, STM32Cube_FW_F0_V1.11.4, STM32Cube_FW_F3_V1.11.4, STM32Cube_FW_F4_V1.27.1, STM32Cube_FW_F7_V1.17.0, STM32Cube_FW_G0_V1.6.1, STM32Cube_FW_G4_V1.5.1, STM32Cube_FW_H5_V0.5.1, STM32Cube_FW_H5_V1.0.0, STM32Cube_FW_H7_V1.11.0, STM32Cube_FW_L0_V1.12.2, STM32Cube_FW_L5_V1.5.0, STM32Cube_FW_U5_V1.2.0, STM32Cube_FW_WBA_V1.0.0, STM32Cube_FW_WBA_V1.0.0RC1, STM32Cube_FW_WBA_V1.0.0RC3, STM32Cube_FW_WB_V1.15.0RC1, STM32Cube_FW_WB_V1.16.0, STM32Cube_FW_WB_V1.16.0RC2, STM32Cube_FW_WL_V1.3.0, X-CUBE-ALGOBUILD_V1.3.0, X-CUBE-ALS_V1.0.1, X-CUBE-AZRTOS-F4_V1.1.0, X-CUBE-AZRTOS-F7_V1.1.0, X-CUBE-AZRTOS-G0_V1.1.0, X-CUBE-AZRTOS-G4_V1.0.0, X-CUBE-AZRTOS-H7_V3.0.0, X-CUBE-AZRTOS-L4_V1.0.0, X-CUBE-AZRTOS-L5_V1.1.0, X-CUBE-AZRTOS-WB_V1.1.0, X-CUBE-AZRTOS-WL_V1.0.0, X-CUBE-BLE1_V6.2.4, X-CUBE-BLE2_V3.3.0, X-CUBE-BLEMGR_V1.3.0, X-CUBE-EEPRMA1_V4.1.0, X-CUBE-GNSS1_V6.0.0, X-CUBE-MEMS1_V9.1.0, X-CUBE-MEMS1_V9.4.0, X-CUBE-MEMS1_V9.5.0, X-CUBE-NFC4_V3.0.0, X-CUBE-NFC7_V1.0.0, X-CUBE-SFXS2LP1_V4.0.0, X-CUBE-SUBG2_V5.0.0]
2023-03-24 20:47:52,312 [INFO] DbExamplesSqlite:375 - Ignored 46 examples not supported by CubeIDE
2023-03-24 20:47:52,313 [INFO] DbExamplesSqlite:376 - Found 7328 examples active
2023-03-24 20:47:52,313 [INFO] DbExamplesSqlite:377 - Found 1095 examples obsolete
2023-03-24 20:47:52,313 [INFO] DbExamplesSqlite:378 - Found 0 examples under development
2023-03-24 20:47:52,313 [INFO] DbExamplesSqlite:379 - Found 77 examples not building
2023-03-24 20:47:52,314 [INFO] DbExamples:124 - Found 7359 examples
2023-03-24 20:47:52,325 [WARN] PackLoader:242 - Cannot read IP mode file for wolfSSL.I-CUBE-wolfSSL.5.2.0
2023-03-24 20:47:52,333 [WARN] PackLoader:242 - Cannot read IP mode file for STMicroelectronics.X-CUBE-GNSS1.6.0.0
2023-03-24 20:47:52,353 [WARN] PackLoader:242 - Cannot read IP mode file for STMicroelectronics.X-CUBE-AZRTOS-F4.1.1.0
2023-03-24 20:47:52,372 [ERROR] DbExamples:207 - Found 498 examples with invalid data (board or MCU)
2023-03-24 20:47:52,373 [INFO] DbExamples:221 - Found 85 boards with related examples
2023-03-24 20:47:52,374 [INFO] DbExamples:234 - Found 76 MCUs with related examples
2023-03-24 20:47:52,391 [WARN] PackLoader:242 - Cannot read IP mode file for STMicroelectronics.X-CUBE-MEMS1.9.2.0
2023-03-24 20:47:52,396 [INFO] ApiDb:422 - Load user favorites file /home/carlos/.stm32cubeide/favorites.examples.txt: 8 item(s)
2023-03-24 20:47:52,396 [INFO] ApiDb:426 - User favorites Examples=[STM32CUBEH7-SWX-16370, STM32CUBEH7-SWX-16371, STM32CUBEH7-SWX-16382, STM32CUBEH7-SWX-16390, STM32CUBEH7-SWX-16391, STM32CUBEH7-SWX-16402, STM32CUBEH7-SWX-16403, STM32CUBEH7-SWX-16421]
2023-03-24 20:47:52,396 [INFO] DbExamples:249 - Set 8 / 8 favorites Examples
2023-03-24 20:47:52,506 [INFO] McuFinderGlobals:65 - Set McuFinderConnectedMode to true
2023-03-24 20:47:52,516 [INFO] MultiScanPanel:196 - Auto-refresh data requested => check proxy status ongoing
2023-03-24 20:47:52,520 [INFO] FinderPluginLoader:92 - Searching for filters in installed packs
2023-03-24 20:47:52,529 [INFO] FinderPluginLoader:105 - Found /home/carlos/STM32Cube/Repository/Packs/STMicroelectronics/X-CUBE-AI/7.2.0/CubeMX/plugins/ip/ai.7.2.0.jar
2023-03-24 20:47:52,530 [INFO] FinderPluginLoader:105 - Found /home/carlos/STM32Cube/Repository/Packs/STMicroelectronics/X-CUBE-AI/7.1.0/CubeMX/plugins/ip/ai.7.1.0.jar
2023-03-24 20:47:52,530 [INFO] FinderPluginLoader:105 - Found /home/carlos/STM32Cube/Repository/Packs/STMicroelectronics/X-CUBE-AI/7.0.0/CubeMX/plugins/ip/ai.7.0.0.jar
2023-03-24 20:47:52,530 [INFO] FinderPluginLoader:105 - Found /home/carlos/STM32Cube/Repository/Packs/STMicroelectronics/X-CUBE-AI/6.0.0/CubeMX/plugins/ip/ai.6.0.0.jar
2023-03-24 20:47:52,530 [INFO] FinderPluginLoader:105 - Found /home/carlos/STM32Cube/Repository/Packs/STMicroelectronics/X-CUBE-AI/5.2.0/CubeMX/plugins/ip/ai.5.2.0.jar
2023-03-24 20:47:52,530 [INFO] FinderPluginLoader:105 - Found /home/carlos/STM32Cube/Repository/Packs/STMicroelectronics/X-CUBE-AI/5.1.2/CubeMX/plugins/ip/ai.5.1.2.jar
2023-03-24 20:47:52,530 [INFO] FinderPluginLoader:105 - Found /home/carlos/STM32Cube/Repository/Packs/STMicroelectronics/X-CUBE-AI/5.0.0/CubeMX/plugins/ip/ai.5.0.0.jar
2023-03-24 20:47:52,530 [INFO] FinderPluginLoader:115 - Loading ai.7.2.0
2023-03-24 20:47:52,555 [WARN] PackLoader:242 - Cannot read IP mode file for STMicroelectronics.X-CUBE-BLEMGR.1.2.0
2023-03-24 20:47:52,582 [WARN] PackLoader:242 - Cannot read IP mode file for STMicroelectronics.X-CUBE-AZRTOS-F7.1.1.0
2023-03-24 20:47:52,584 [INFO] McuExtendedFiltersManager:94 - Add MCU extended filter: Artificial Intelligence
2023-03-24 20:47:52,588 [WARN] PackLoader:242 - Cannot read IP mode file for STMicroelectronics.X-CUBE-AI.7.1.0
2023-03-24 20:47:52,630 [WARN] PackLoader:242 - Cannot read IP mode file for STMicroelectronics.X-CUBE-TOUCHGFX.4.19.1
2023-03-24 20:47:52,717 [WARN] PackLoader:242 - Cannot read IP mode file for STMicroelectronics.X-CUBE-BLE1.6.2.3
2023-03-24 20:47:52,721 [WARN] PackLoader:242 - Cannot read IP mode file for STMicroelectronics.X-CUBE-BLE1.6.2.4
2023-03-24 20:47:52,725 [WARN] PackLoader:242 - Cannot read IP mode file for emotas.I-CUBE-CANOPEN.1.1.3
2023-03-24 20:47:52,730 [WARN] PackLoader:242 - Cannot read IP mode file for STMicroelectronics.X-CUBE-BLEMGR.2.0.0
2023-03-24 20:47:52,734 [WARN] PackLoader:242 - Cannot read IP mode file for STMicroelectronics.X-CUBE-NFC4.2.0.5
2023-03-24 20:47:52,738 [WARN] PackLoader:242 - Cannot read IP mode file for STMicroelectronics.X-CUBE-NFC4.2.0.4
2023-03-24 20:47:52,742 [WARN] PackLoader:242 - Cannot read IP mode file for STMicroelectronics.X-CUBE-BLE2.3.2.2
2023-03-24 20:47:52,746 [WARN] PackLoader:242 - Cannot read IP mode file for STMicroelectronics.X-CUBE-AI.7.2.0
2023-03-24 20:47:52,755 [WARN] PackLoader:242 - Cannot read IP mode file for STMicroelectronics.X-CUBE-TOF1.3.1.0
2023-03-24 20:47:52,763 [WARN] PackLoader:242 - Cannot read IP mode file for STMicroelectronics.X-CUBE-SFXS2LP1.3.1.0
2023-03-24 20:47:52,768 [WARN] PackLoader:242 - Cannot read IP mode file for STMicroelectronics.X-CUBE-DISPLAY.3.0.0
2023-03-24 20:47:52,785 [WARN] PackLoader:242 - Cannot read IP mode file for STMicroelectronics.X-CUBE-AZRTOS-F4.1.0.0
2023-03-24 20:47:52,789 [WARN] PackLoader:242 - Cannot read IP mode file for wolfSSL.I-CUBE-wolfSSL.5.5.4
2023-03-24 20:47:52,791 [WARN] PackLoader:242 - Cannot read IP mode file for wolfSSL.I-CUBE-wolfSSL.5.5.0
2023-03-24 20:47:52,793 [WARN] PackLoader:242 - Cannot read IP mode file for STMicroelectronics.X-CUBE-NFC7.1.0.0
2023-03-24 20:47:52,817 [WARN] PackLoader:242 - Cannot read IP mode file for STMicroelectronics.X-CUBE-MEMS1.9.3.0
2023-03-24 20:47:52,980 [WARN] PackLoader:242 - Cannot read IP mode file for STMicroelectronics.X-CUBE-EEPRMA1.4.1.0
2023-03-24 20:47:52,985 [ERROR] Engine:467 - STMicroelectronics.X-CUBE-AI.7.2.0: Software pack already exists
2023-03-24 20:47:52,988 [WARN] PackLoader:242 - Cannot read IP mode file for STMicroelectronics.X-CUBE-AI.6.0.0
2023-03-24 20:47:53,008 [WARN] PackLoader:242 - Cannot read IP mode file for STMicroelectronics.X-CUBE-AZRTOS-G0.1.0.0
2023-03-24 20:47:53,014 [WARN] PackLoader:242 - Cannot read IP mode file for WES.I-CUBE-Cesium.1.3.0
2023-03-24 20:47:53,018 [WARN] PackLoader:242 - Cannot read IP mode file for STMicroelectronics.X-CUBE-SFXS2LP1.4.0.0
2023-03-24 20:47:53,022 [WARN] PackLoader:242 - Cannot read IP mode file for STMicroelectronics.X-CUBE-BLE2.3.3.0
2023-03-24 20:47:53,027 [WARN] PackLoader:242 - Cannot read IP mode file for STMicroelectronics.X-CUBE-DISPLAY.2.2.0
2023-03-24 20:47:53,053 [WARN] PackLoader:242 - Cannot read IP mode file for STMicroelectronics.X-CUBE-TOF1.3.2.0
2023-03-24 20:47:53,064 [ERROR] Engine:467 - STMicroelectronics.X-CUBE-AI.7.2.0: Software pack already exists
2023-03-24 20:47:53,076 [WARN] PackLoader:242 - Cannot read IP mode file for STMicroelectronics.X-CUBE-AZRTOS-H7.3.0.0
2023-03-24 20:47:53,081 [WARN] PackLoader:242 - Cannot read IP mode file for STMicroelectronics.X-CUBE-ISPU.1.0.0
2023-03-24 20:47:53,083 [WARN] PackLoader:242 - Cannot read IP mode file for STMicroelectronics.X-CUBE-ISPU.1.1.0
2023-03-24 20:47:53,087 [WARN] PackLoader:242 - Cannot read IP mode file for RoweBots.I-CUBE-UNISONRTOS.5.5.0-4
2023-03-24 20:47:53,099 [WARN] PackLoader:242 - Cannot read IP mode file for STMicroelectronics.X-CUBE-AZRTOS-H7.2.1.0
2023-03-24 20:47:53,104 [WARN] PackLoader:242 - Cannot read IP mode file for STMicroelectronics.X-CUBE-AI.8.0.0
2023-03-24 20:47:53,106 [WARN] PackLoader:242 - Cannot read IP mode file for STMicroelectronics.X-CUBE-FREERTOS.1.0.0
2023-03-24 20:47:53,108 [WARN] PackLoader:242 - Cannot read IP mode file for STMicroelectronics.X-CUBE-TOUCHGFX.4.21.1
2023-03-24 20:47:53,110 [WARN] PackLoader:242 - Cannot read IP mode file for STMicroelectronics.X-CUBE-TOUCHGFX.4.21.0
2023-03-24 20:47:53,111 [WARN] PackLoader:242 - Cannot read IP mode file for STMicroelectronics.X-CUBE-TOUCHGFX.4.21.3
2023-03-24 20:47:53,116 [WARN] PackLoader:242 - Cannot read IP mode file for STMicroelectronics.X-CUBE-BLEMGR.1.0.0
2023-03-24 20:47:53,140 [WARN] PackLoader:242 - Cannot read IP mode file for STMicroelectronics.X-CUBE-MEMS1.9.4.0
2023-03-24 20:47:53,299 [WARN] PackLoader:242 - Cannot read IP mode file for STMicroelectronics.X-CUBE-AI.7.3.0
2023-03-24 20:47:53,303 [WARN] PackLoader:242 - Cannot read IP mode file for STMicroelectronics.X-CUBE-ALGOBUILD.1.3.0
2023-03-24 20:47:53,313 [WARN] PackLoader:242 - Cannot read IP mode file for STMicroelectronics.X-CUBE-AZRTOS-L5.1.1.0
2023-03-24 20:47:53,324 [WARN] PackLoader:242 - Cannot read IP mode file for STMicroelectronics.X-CUBE-AZRTOS-G0.1.1.0
2023-03-24 20:47:53,332 [WARN] PackLoader:242 - Cannot read IP mode file for STMicroelectronics.X-CUBE-SUBG2.5.0.0
2023-03-24 20:47:53,341 [WARN] PackLoader:242 - Cannot read IP mode file for STMicroelectronics.X-CUBE-NFC4.3.0.0
2023-03-24 20:47:53,363 [WARN] PackLoader:242 - Cannot read IP mode file for SEGGER.I-CUBE-embOS.1.2.0
2023-03-24 20:47:53,399 [WARN] PackLoader:242 - Cannot read IP mode file for STMicroelectronics.X-CUBE-DISPLAY.2.1.0
2023-03-24 20:47:53,406 [WARN] PackLoader:242 - Cannot read IP mode file for STMicroelectronics.X-CUBE-TOF1.3.3.0
2023-03-24 20:47:53,419 [WARN] PackLoader:242 - Cannot read IP mode file for STMicroelectronics.FP-ATR-ASTRA1.1.1.1
2023-03-24 20:47:53,421 [WARN] PackLoader:242 - Cannot read IP mode file for STMicroelectronics.FP-ATR-ASTRA1.1.1.0
2023-03-24 20:47:53,423 [INFO] AInterface:109 - AInterface using toolDir: /home/carlos/STM32Cube/Repository//Packs/STMicroelectronics/X-CUBE-AI/7.2.0/Utilities/linux
2023-03-24 20:47:53,426 [WARN] PackLoader:242 - Cannot read IP mode file for STMicroelectronics.X-CUBE-BLEMGR.1.3.0
2023-03-24 20:47:53,436 [WARN] PackLoader:242 - Cannot read IP mode file for STMicroelectronics.X-CUBE-AZRTOS-G4.1.0.0
2023-03-24 20:47:53,440 [WARN] PackLoader:242 - Cannot read IP mode file for STMicroelectronics.FP-ATR-SIGFOX1.3.2.0
2023-03-24 20:47:53,461 [WARN] PackLoader:242 - Cannot read IP mode file for STMicroelectronics.X-CUBE-AZRTOS-L4.1.0.0
2023-03-24 20:47:53,469 [WARN] PackLoader:242 - Cannot read IP mode file for emotas.I-CUBE-CANOPEN.1.1.2
2023-03-24 20:47:53,473 [WARN] PackLoader:242 - Cannot read IP mode file for STMicroelectronics.X-CUBE-TOUCHGFX.4.20.0
2023-03-24 20:47:53,502 [WARN] PackLoader:242 - Cannot read IP mode file for STMicroelectronics.X-CUBE-AZRTOS-F7.1.0.0
2023-03-24 20:47:53,513 [WARN] PackLoader:242 - Cannot read IP mode file for STMicroelectronics.X-CUBE-AZRTOS-WL.1.0.0
2023-03-24 20:47:53,517 [WARN] PackLoader:242 - Cannot read IP mode file for portGmbH.I-Cube-SoM-uGOAL.1.1.0
2023-03-24 20:47:53,519 [WARN] PackLoader:242 - Cannot read IP mode file for STMicroelectronics.X-CUBE-ALS.1.0.1
2023-03-24 20:47:53,543 [WARN] PackLoader:242 - Cannot read IP mode file for STMicroelectronics.X-CUBE-MEMS1.9.5.0
2023-03-24 20:47:53,699 [WARN] PackLoader:242 - Cannot read IP mode file for STMicroelectronics.X-CUBE-AI.7.0.0
2023-03-24 20:47:53,714 [WARN] PackLoader:242 - Cannot read IP mode file for STMicroelectronics.X-CUBE-AZRTOS-WB.1.1.0
2023-03-24 20:47:53,791 [WARN] PackLoader:242 - Cannot read IP mode file for SEGGER.I-CUBE-embOS.1.3.1
2023-03-24 20:47:53,850 [WARN] PackLoader:242 - Cannot read IP mode file for STMicroelectronics.X-CUBE-AZRTOS-L5.1.0.0
2023-03-24 20:47:53,854 [WARN] PackLoader:242 - Cannot read IP mode file for STMicroelectronics.X-CUBE-EEPRMA1.3.1.1
2023-03-24 20:47:53,877 [WARN] PackLoader:242 - Cannot read IP mode file for SEGGER.I-CUBE-embOS.1.3.0
2023-03-24 20:47:53,938 [WARN] PackLoader:242 - Cannot read IP mode file for STMicroelectronics.X-CUBE-GNSS1.5.2.0
2023-03-24 20:47:53,942 [WARN] PackLoader:242 - Cannot read IP mode file for STMicroelectronics.X-CUBE-TOF1.3.0.0
2023-03-24 20:47:53,948 [WARN] PackLoader:242 - Cannot read IP mode file for STMicroelectronics.X-CUBE-AI.5.0.0
2023-03-24 20:47:53,958 [INFO] ThirdParty:947 - Integrity check success = true
2023-03-24 20:47:53,958 [INFO] IntegrityCheckThread:98 - exiting critical section [integrity check]
2023-03-24 20:47:53,958 [INFO] IntegrityCheckThread:101 - End integrity checks thread
2023-03-24 20:47:53,986 [INFO] LoadUrlFilesThread:179 - End of LoadServerUrlFiles without Thread
2023-03-24 20:47:53,998 [INFO] DetailPanel:339 - Set advertising image to /home/carlos/STM32Cube/Repository//en.prom-stm32h5-mcu-finder.jpg
2023-03-24 20:50:00,899 [INFO] McuFinderGlobals:65 - Set McuFinderConnectedMode to true
2023-03-24 20:50:00,904 [INFO] ApiDb:447 - Save user favorites file /home/carlos/.stm32cubeide/favorites.mcus.txt: 1 item(s)
2023-03-24 20:50:00,905 [INFO] ApiDb:451 - User favorites MCUs=[STM32F446RET6]
2023-03-24 20:50:38,363 [INFO] MainUpdater:2800 - connection check result : 10
2023-03-24 20:50:38,457 [INFO] McuFinderGlobals:65 - Set McuFinderConnectedMode to true
2023-03-24 20:50:38,458 [INFO] MultiScanPanel:196 - Auto-refresh data requested => check proxy status ongoing
2023-03-24 20:50:38,458 [INFO] FinderPluginLoader:92 - Searching for filters in installed packs
2023-03-24 20:50:38,461 [INFO] FinderPluginLoader:105 - Found /home/carlos/STM32Cube/Repository/Packs/STMicroelectronics/X-CUBE-AI/7.2.0/CubeMX/plugins/ip/ai.7.2.0.jar
2023-03-24 20:50:38,461 [INFO] FinderPluginLoader:105 - Found /home/carlos/STM32Cube/Repository/Packs/STMicroelectronics/X-CUBE-AI/7.1.0/CubeMX/plugins/ip/ai.7.1.0.jar
2023-03-24 20:50:38,461 [INFO] FinderPluginLoader:105 - Found /home/carlos/STM32Cube/Repository/Packs/STMicroelectronics/X-CUBE-AI/7.0.0/CubeMX/plugins/ip/ai.7.0.0.jar
2023-03-24 20:50:38,461 [INFO] FinderPluginLoader:105 - Found /home/carlos/STM32Cube/Repository/Packs/STMicroelectronics/X-CUBE-AI/6.0.0/CubeMX/plugins/ip/ai.6.0.0.jar
2023-03-24 20:50:38,461 [INFO] FinderPluginLoader:105 - Found /home/carlos/STM32Cube/Repository/Packs/STMicroelectronics/X-CUBE-AI/5.2.0/CubeMX/plugins/ip/ai.5.2.0.jar
2023-03-24 20:50:38,461 [INFO] FinderPluginLoader:105 - Found /home/carlos/STM32Cube/Repository/Packs/STMicroelectronics/X-CUBE-AI/5.1.2/CubeMX/plugins/ip/ai.5.1.2.jar
2023-03-24 20:50:38,462 [INFO] FinderPluginLoader:105 - Found /home/carlos/STM32Cube/Repository/Packs/STMicroelectronics/X-CUBE-AI/5.0.0/CubeMX/plugins/ip/ai.5.0.0.jar
2023-03-24 20:50:38,462 [INFO] FinderPluginLoader:115 - Loading ai.7.2.0
2023-03-24 20:50:38,510 [INFO] McuExtendedFiltersManager:94 - Add MCU extended filter: Artificial Intelligence
2023-03-24 20:50:38,893 [INFO] AInterface:109 - AInterface using toolDir: /home/carlos/STM32Cube/Repository//Packs/STMicroelectronics/X-CUBE-AI/7.2.0/Utilities/linux
2023-03-24 20:50:39,158 [INFO] LoadUrlFilesThread:179 - End of LoadServerUrlFiles without Thread
2023-03-24 20:50:39,158 [INFO] DetailPanel:339 - Set advertising image to /home/carlos/STM32Cube/Repository//en.prom-stm32h5-mcu-finder.jpg
2023-03-24 20:50:43,197 [INFO] ApiDb:580 - Connected to CubeFinder SQLite database (/home/carlos/.stmcufinder/plugins/mcufinder/mcu/cube-finder-db.db)
2023-03-24 20:51:20,003 [INFO] MainUpdater:2800 - connection check result : 10
2023-03-24 20:51:20,004 [INFO] MainUpdater:2800 - connection check result : 10
2023-03-24 20:51:20,018 [INFO] MicroXplorer:451 - Change Database Path : 
2023-03-24 20:51:20,018 [INFO] MicroXplorer:481 - Change Database Version : DB.6.0.70
2023-03-24 20:51:20,019 [WARN] ThirdParty:845 - waiting for thirdparty lock release [close project]
2023-03-24 20:51:20,019 [INFO] ThirdParty:847 - entering critical section [close project]
2023-03-24 20:51:20,021 [INFO] ThirdParty:857 - exiting critical section [close project]
2023-03-24 20:51:20,024 [INFO] PinOutPanel:1477 - setPackage(No Configuration,No Configuration)
2023-03-24 20:51:20,029 [INFO] UtilMem:74 - Begin LoadConfig() Used Memory: 187830360 Bytes (369098752)
2023-03-24 20:51:20,030 [INFO] MicroXplorer:451 - Change Database Path : 
2023-03-24 20:51:20,031 [INFO] MicroXplorer:481 - Change Database Version : DB.6.0.70
2023-03-24 20:51:20,031 [INFO] OpenFileManager:307 - Change cursor
2023-03-24 20:51:20,070 [INFO] Mcu:1925 - Initializing MCU STM32L431RCTx STM32L431RCTx 
2023-03-24 20:51:20,073 [INFO] Mcu:1938 - No CPN specified => set CPN to STM32L431RCT6
2023-03-24 20:51:21,034 [INFO] Context:654 - Trying to add GPIOservice into a context  which must be forbidden
2023-03-24 20:51:21,376 [INFO] ImportTextPane:193 - (OptionalMessage_ERROR) Unable to find key (Mcu.ThirdPartyNb) in loaded IOC file
2023-03-24 20:51:21,376 [INFO] ImportTextPane:193 - (OptionalMessage_ERROR) Unable to find key (Mcu.PinsNb) in loaded IOC file
2023-03-24 20:51:21,376 [INFO] ImportTextPane:193 - (OptionalMessage_ERROR) Unable to find key (Mcu.IPNb) in loaded IOC file
2023-03-24 20:51:21,801 [INFO] RtosManager:489 - Registered RTOS mode: class=CMSIS, group=RTOS, mode=CMSIS_V1, owner=FREERTOS
2023-03-24 20:51:21,801 [INFO] RtosManager:489 - Registered RTOS mode: class=CMSIS, group=RTOS2, mode=CMSIS_V2, owner=FREERTOS
2023-03-24 20:51:21,801 [INFO] RtosManager:489 - Registered RTOS mode: class=RTOS, group=Core, mode=CMSIS_V1, owner=FREERTOS
2023-03-24 20:51:21,802 [INFO] RtosManager:489 - Registered RTOS mode: class=RTOS, group=Core, mode=CMSIS_V2, owner=FREERTOS
2023-03-24 20:51:21,802 [WARN] ModelIntegratedComponent:185 - Missing modes for component STMicroelectronics:FreeRTOS:0.0.1:STMicroelectronics:RTOS:FreeRTOS:Core:::10.2.0:
2023-03-24 20:51:21,827 [WARN] ModelIntegratedComponent:64 - No mode defined for component null
2023-03-24 20:51:21,828 [WARN] ModelIntegratedComponent:64 - No mode defined for component null
2023-03-24 20:51:21,828 [WARN] ModelIntegratedComponent:64 - No mode defined for component null
2023-03-24 20:51:21,828 [WARN] ModelIntegratedComponent:64 - No mode defined for component null
2023-03-24 20:51:21,828 [WARN] ModelIntegratedComponent:64 - No mode defined for component null
2023-03-24 20:51:21,828 [WARN] ModelIntegratedComponent:64 - No mode defined for component null
2023-03-24 20:51:21,828 [WARN] ModelIntegratedComponent:64 - No mode defined for component null
2023-03-24 20:51:21,828 [WARN] ModelIntegratedComponent:64 - No mode defined for component null
2023-03-24 20:51:21,828 [WARN] ModelIntegratedComponent:64 - No mode defined for component null
2023-03-24 20:51:21,828 [WARN] ModelIntegratedComponent:64 - No mode defined for component null
2023-03-24 20:51:21,828 [WARN] ModelIntegratedComponent:64 - No mode defined for component null
2023-03-24 20:51:21,828 [WARN] ModelIntegratedComponent:64 - No mode defined for component null
2023-03-24 20:51:21,828 [WARN] ModelIntegratedComponent:64 - No mode defined for component null
2023-03-24 20:51:21,828 [WARN] ModelIntegratedComponent:64 - No mode defined for component null
2023-03-24 20:51:21,828 [WARN] ModelIntegratedComponent:64 - No mode defined for component null
2023-03-24 20:51:21,828 [WARN] ModelIntegratedComponent:64 - No mode defined for component null
2023-03-24 20:51:21,828 [WARN] ModelIntegratedComponent:64 - No mode defined for component null
2023-03-24 20:51:21,828 [WARN] ModelIntegratedComponent:64 - No mode defined for component null
2023-03-24 20:51:21,828 [WARN] ModelIntegratedComponent:64 - No mode defined for component null
2023-03-24 20:51:21,828 [WARN] ModelIntegratedComponent:64 - No mode defined for component null
2023-03-24 20:51:21,828 [WARN] ModelIntegratedComponent:64 - No mode defined for component null
2023-03-24 20:51:21,828 [WARN] ModelIntegratedComponent:64 - No mode defined for component null
2023-03-24 20:51:21,828 [WARN] ModelIntegratedComponent:64 - No mode defined for component null
2023-03-24 20:51:21,828 [WARN] ModelIntegratedComponent:64 - No mode defined for component null
2023-03-24 20:51:21,828 [WARN] ModelIntegratedComponent:64 - No mode defined for component null
2023-03-24 20:51:21,828 [WARN] ModelIntegratedComponent:64 - No mode defined for component null
2023-03-24 20:51:21,828 [WARN] ModelIntegratedComponent:64 - No mode defined for component null
2023-03-24 20:51:21,828 [WARN] ModelIntegratedComponent:64 - No mode defined for component null
2023-03-24 20:51:21,828 [WARN] ModelIntegratedComponent:64 - No mode defined for component null
2023-03-24 20:51:21,828 [WARN] ModelIntegratedComponent:64 - No mode defined for component null
2023-03-24 20:51:21,828 [WARN] ModelIntegratedComponent:64 - No mode defined for component null
2023-03-24 20:51:21,829 [WARN] ModelIntegratedComponent:64 - No mode defined for component null
2023-03-24 20:51:21,829 [WARN] ModelIntegratedComponent:64 - No mode defined for component null
2023-03-24 20:51:22,095 [INFO] ThirdPartyModel:294 - Start build external matchings
2023-03-24 20:51:23,815 [INFO] ThirdPartyModel:310 - End build external matchings
2023-03-24 20:51:23,996 [INFO] UtilMem:74 - End LoadConfig() Used Memory: 187581416 Bytes (369098752)
2023-03-24 20:51:24,023 [WARN] ThirdParty:807 - waiting for thirdparty lock release [change project]
2023-03-24 20:51:24,024 [INFO] ThirdParty:809 - entering critical section [change project]
2023-03-24 20:51:24,024 [INFO] ThirdParty:999 - CMSIS Pack Vendor :STMicroelectronics X-CUBE-ISPU 1.1.0
2023-03-24 20:51:24,024 [INFO] ThirdParty:999 - CMSIS Pack Vendor :wolfSSL I-CUBE-wolfSSL 5.2.0
2023-03-24 20:51:24,024 [INFO] ThirdParty:999 - CMSIS Pack Vendor :RoweBots I-CUBE-UNISONRTOS 5.5.0-4
2023-03-24 20:51:24,024 [INFO] ThirdParty:999 - CMSIS Pack Vendor :STMicroelectronics X-CUBE-GNSS1 6.0.0
2023-03-24 20:51:24,024 [INFO] ThirdParty:999 - CMSIS Pack Vendor :STMicroelectronics X-CUBE-AZRTOS-H7 2.1.0
2023-03-24 20:51:24,024 [INFO] ThirdParty:999 - CMSIS Pack Vendor :STMicroelectronics USB_HOST 2.0.0
2023-03-24 20:51:24,024 [INFO] ThirdParty:999 - CMSIS Pack Vendor :STMicroelectronics X-CUBE-AZRTOS-F4 1.1.0
2023-03-24 20:51:24,024 [INFO] ThirdParty:999 - CMSIS Pack Vendor :STMicroelectronics LIBJPEG 8.0.0
2023-03-24 20:51:24,024 [INFO] ThirdParty:999 - CMSIS Pack Vendor :STMicroelectronics USB_DEVICE 3.0.0
2023-03-24 20:51:24,024 [INFO] ThirdParty:999 - CMSIS Pack Vendor :STMicroelectronics X-CUBE-AI 8.0.0
2023-03-24 20:51:24,024 [INFO] ThirdParty:999 - CMSIS Pack Vendor :STMicroelectronics X-CUBE-FREERTOS 1.0.0
2023-03-24 20:51:24,024 [INFO] ThirdParty:999 - CMSIS Pack Vendor :STMicroelectronics X-CUBE-TOUCHGFX 4.21.1
2023-03-24 20:51:24,024 [INFO] ThirdParty:999 - CMSIS Pack Vendor :STMicroelectronics X-CUBE-TOUCHGFX 4.21.0
2023-03-24 20:51:24,024 [INFO] ThirdParty:999 - CMSIS Pack Vendor :STMicroelectronics X-CUBE-TOUCHGFX 4.21.3
2023-03-24 20:51:24,024 [INFO] ThirdParty:999 - CMSIS Pack Vendor :STMicroelectronics X-CUBE-BLEMGR 1.0.0
2023-03-24 20:51:24,024 [INFO] ThirdParty:999 - CMSIS Pack Vendor :STMicroelectronics X-CUBE-MEMS1 9.2.0
2023-03-24 20:51:24,024 [INFO] ThirdParty:999 - CMSIS Pack Vendor :STMicroelectronics X-CUBE-BLEMGR 1.2.0
2023-03-24 20:51:24,024 [INFO] ThirdParty:999 - CMSIS Pack Vendor :STMicroelectronics X-CUBE-AZRTOS-F7 1.1.0
2023-03-24 20:51:24,024 [INFO] ThirdParty:999 - CMSIS Pack Vendor :STMicroelectronics X-CUBE-MEMS1 9.4.0
2023-03-24 20:51:24,024 [INFO] ThirdParty:999 - CMSIS Pack Vendor :STMicroelectronics USB_DEVICE 2.0.0
2023-03-24 20:51:24,024 [INFO] ThirdParty:999 - CMSIS Pack Vendor :STMicroelectronics X-CUBE-AI 7.3.0
2023-03-24 20:51:24,024 [INFO] ThirdParty:999 - CMSIS Pack Vendor :STMicroelectronics X-CUBE-AI 7.1.0
2023-03-24 20:51:24,024 [INFO] ThirdParty:999 - CMSIS Pack Vendor :STMicroelectronics X-CUBE-TOUCHGFX 4.19.1
2023-03-24 20:51:24,024 [INFO] ThirdParty:999 - CMSIS Pack Vendor :ARM CMSIS 5.7.0
2023-03-24 20:51:24,024 [INFO] ThirdParty:999 - CMSIS Pack Vendor :STMicroelectronics X-CUBE-BLE1 6.2.3
2023-03-24 20:51:24,025 [INFO] ThirdParty:999 - CMSIS Pack Vendor :STMicroelectronics X-CUBE-ALGOBUILD 1.3.0
2023-03-24 20:51:24,025 [INFO] ThirdParty:999 - CMSIS Pack Vendor :STMicroelectronics X-CUBE-BLE1 6.2.4
2023-03-24 20:51:24,025 [INFO] ThirdParty:999 - CMSIS Pack Vendor :STMicroelectronics X-CUBE-AZRTOS-L5 1.1.0
2023-03-24 20:51:24,025 [INFO] ThirdParty:999 - CMSIS Pack Vendor :STMicroelectronics FreeRTOS 0.0.1
2023-03-24 20:51:24,025 [INFO] ThirdParty:999 - CMSIS Pack Vendor :emotas I-CUBE-CANOPEN 1.1.3
2023-03-24 20:51:24,025 [INFO] ThirdParty:999 - CMSIS Pack Vendor :STMicroelectronics X-CUBE-AZRTOS-G0 1.1.0
2023-03-24 20:51:24,025 [INFO] ThirdParty:999 - CMSIS Pack Vendor :STMicroelectronics X-CUBE-BLEMGR 2.0.0
2023-03-24 20:51:24,025 [INFO] ThirdParty:999 - CMSIS Pack Vendor :STMicroelectronics X-CUBE-SUBG2 5.0.0
2023-03-24 20:51:24,025 [INFO] ThirdParty:999 - CMSIS Pack Vendor :STMicroelectronics X-CUBE-NFC4 3.0.0
2023-03-24 20:51:24,025 [INFO] ThirdParty:999 - CMSIS Pack Vendor :SEGGER I-CUBE-embOS 1.2.0
2023-03-24 20:51:24,025 [INFO] ThirdParty:999 - CMSIS Pack Vendor :STMicroelectronics STM32_WPAN 1.0.0
2023-03-24 20:51:24,025 [INFO] ThirdParty:999 - CMSIS Pack Vendor :STMicroelectronics lwIP 2.0.3
2023-03-24 20:51:24,025 [INFO] ThirdParty:999 - CMSIS Pack Vendor :STMicroelectronics X-CUBE-NFC4 2.0.5
2023-03-24 20:51:24,025 [INFO] ThirdParty:999 - CMSIS Pack Vendor :STMicroelectronics X-CUBE-NFC4 2.0.4
2023-03-24 20:51:24,025 [INFO] ThirdParty:999 - CMSIS Pack Vendor :STMicroelectronics X-CUBE-BLE2 3.2.2
2023-03-24 20:51:24,025 [INFO] ThirdParty:999 - CMSIS Pack Vendor :STMicroelectronics USB_HOST 1.0.0
2023-03-24 20:51:24,025 [INFO] ThirdParty:999 - CMSIS Pack Vendor :STMicroelectronics X-CUBE-DISPLAY 2.1.0
2023-03-24 20:51:24,025 [INFO] ThirdParty:999 - CMSIS Pack Vendor :STMicroelectronics PDM2PCM 3.1.0
2023-03-24 20:51:24,025 [INFO] ThirdParty:999 - CMSIS Pack Vendor :STMicroelectronics X-CUBE-TOF1 3.3.0
2023-03-24 20:51:24,025 [INFO] ThirdParty:999 - CMSIS Pack Vendor :STMicroelectronics FP-ATR-ASTRA1 1.1.1
2023-03-24 20:51:24,025 [INFO] ThirdParty:999 - CMSIS Pack Vendor :STMicroelectronics PDM2PCM 3.3.0
2023-03-24 20:51:24,025 [INFO] ThirdParty:999 - CMSIS Pack Vendor :STMicroelectronics X-CUBE-TOF1 3.1.0
2023-03-24 20:51:24,025 [INFO] ThirdParty:999 - CMSIS Pack Vendor :STMicroelectronics X-CUBE-SFXS2LP1 3.1.0
2023-03-24 20:51:24,025 [INFO] ThirdParty:999 - CMSIS Pack Vendor :STMicroelectronics FP-ATR-ASTRA1 1.1.0
2023-03-24 20:51:24,025 [INFO] ThirdParty:999 - CMSIS Pack Vendor :STMicroelectronics X-CUBE-DISPLAY 3.0.0
2023-03-24 20:51:24,025 [INFO] ThirdParty:999 - CMSIS Pack Vendor :STMicroelectronics X-CUBE-BLEMGR 1.3.0
2023-03-24 20:51:24,025 [INFO] ThirdParty:999 - CMSIS Pack Vendor :STMicroelectronics X-CUBE-AZRTOS-F4 1.0.0
2023-03-24 20:51:24,025 [INFO] ThirdParty:999 - CMSIS Pack Vendor :STMicroelectronics X-CUBE-AZRTOS-G4 1.0.0
2023-03-24 20:51:24,025 [INFO] ThirdParty:999 - CMSIS Pack Vendor :STMicroelectronics FP-ATR-SIGFOX1 3.2.0
2023-03-24 20:51:24,025 [INFO] ThirdParty:999 - CMSIS Pack Vendor :wolfSSL I-CUBE-wolfSSL 5.5.4
2023-03-24 20:51:24,025 [INFO] ThirdParty:999 - CMSIS Pack Vendor :STMicroelectronics X-CUBE-AZRTOS-L4 1.0.0
2023-03-24 20:51:24,025 [INFO] ThirdParty:999 - CMSIS Pack Vendor :wolfSSL I-CUBE-wolfSSL 5.5.0
2023-03-24 20:51:24,026 [INFO] ThirdParty:999 - CMSIS Pack Vendor :STMicroelectronics HAL Drivers 0.0.0
2023-03-24 20:51:24,026 [INFO] ThirdParty:999 - CMSIS Pack Vendor :STMicroelectronics MBEDTLS 2.16.2
2023-03-24 20:51:24,026 [INFO] ThirdParty:999 - CMSIS Pack Vendor :emotas I-CUBE-CANOPEN 1.1.2
2023-03-24 20:51:24,026 [INFO] ThirdParty:999 - CMSIS Pack Vendor :STMicroelectronics X-CUBE-TOUCHGFX 4.20.0
2023-03-24 20:51:24,026 [INFO] ThirdParty:999 - CMSIS Pack Vendor :STMicroelectronics MBEDTLS 2.14.1
2023-03-24 20:51:24,026 [INFO] ThirdParty:999 - CMSIS Pack Vendor :STMicroelectronics X-CUBE-NFC7 1.0.0
2023-03-24 20:51:24,026 [INFO] ThirdParty:999 - CMSIS Pack Vendor :STMicroelectronics X-CUBE-AZRTOS-F7 1.0.0
2023-03-24 20:51:24,026 [INFO] ThirdParty:999 - CMSIS Pack Vendor :STMicroelectronics X-CUBE-AZRTOS-WL 1.0.0
2023-03-24 20:51:24,026 [INFO] ThirdParty:999 - CMSIS Pack Vendor :STMicroelectronics X-CUBE-MEMS1 9.3.0
2023-03-24 20:51:24,026 [INFO] ThirdParty:999 - CMSIS Pack Vendor :STMicroelectronics X-CUBE-EEPRMA1 4.1.0
2023-03-24 20:51:24,026 [INFO] ThirdParty:999 - CMSIS Pack Vendor :portGmbH I-Cube-SoM-uGOAL 1.1.0
2023-03-24 20:51:24,026 [INFO] ThirdParty:999 - CMSIS Pack Vendor :STMicroelectronics X-CUBE-ALS 1.0.1
2023-03-24 20:51:24,026 [INFO] ThirdParty:999 - CMSIS Pack Vendor :STMicroelectronics X-CUBE-AI 7.2.0
2023-03-24 20:51:24,026 [INFO] ThirdParty:999 - CMSIS Pack Vendor :STMicroelectronics X-CUBE-MEMS1 9.5.0
2023-03-24 20:51:24,026 [INFO] ThirdParty:999 - CMSIS Pack Vendor :STMicroelectronics X-CUBE-AI 7.0.0
2023-03-24 20:51:24,026 [INFO] ThirdParty:999 - CMSIS Pack Vendor :STMicroelectronics ThreadX 1.0.0
2023-03-24 20:51:24,026 [INFO] ThirdParty:999 - CMSIS Pack Vendor :STMicroelectronics X-CUBE-AZRTOS-WB 1.1.0
2023-03-24 20:51:24,026 [INFO] ThirdParty:999 - CMSIS Pack Vendor :ARM CMSIS 5.8.0
2023-03-24 20:51:24,026 [INFO] ThirdParty:999 - CMSIS Pack Vendor :SEGGER I-CUBE-embOS 1.3.1
2023-03-24 20:51:24,026 [INFO] ThirdParty:999 - CMSIS Pack Vendor :STMicroelectronics X-CUBE-AZRTOS-L5 1.0.0
2023-03-24 20:51:24,026 [INFO] ThirdParty:999 - CMSIS Pack Vendor :STMicroelectronics USB_DEVICE 1.0.0
2023-03-24 20:51:24,026 [INFO] ThirdParty:999 - CMSIS Pack Vendor :STMicroelectronics X-CUBE-AI 6.0.0
2023-03-24 20:51:24,026 [INFO] ThirdParty:999 - CMSIS Pack Vendor :STMicroelectronics X-CUBE-AZRTOS-G0 1.0.0
2023-03-24 20:51:24,026 [INFO] ThirdParty:999 - CMSIS Pack Vendor :STMicroelectronics X-CUBE-EEPRMA1 3.1.1
2023-03-24 20:51:24,026 [INFO] ThirdParty:999 - CMSIS Pack Vendor :SEGGER I-CUBE-embOS 1.3.0
2023-03-24 20:51:24,026 [INFO] ThirdParty:999 - CMSIS Pack Vendor :STMicroelectronics X-CUBE-GNSS1 5.2.0
2023-03-24 20:51:24,027 [INFO] ThirdParty:999 - CMSIS Pack Vendor :STMicroelectronics ThreadX 0.0.2
2023-03-24 20:51:24,027 [INFO] ThirdParty:999 - CMSIS Pack Vendor :WES I-CUBE-Cesium 1.3.0
2023-03-24 20:51:24,027 [INFO] ThirdParty:999 - CMSIS Pack Vendor :STMicroelectronics lwIP 2.1.2
2023-03-24 20:51:24,027 [INFO] ThirdParty:999 - CMSIS Pack Vendor :STMicroelectronics X-CUBE-SFXS2LP1 4.0.0
2023-03-24 20:51:24,027 [INFO] ThirdParty:999 - CMSIS Pack Vendor :STMicroelectronics X-CUBE-BLE2 3.3.0
2023-03-24 20:51:24,027 [INFO] ThirdParty:999 - CMSIS Pack Vendor :STMicroelectronics X-CUBE-DISPLAY 2.2.0
2023-03-24 20:51:24,027 [INFO] ThirdParty:999 - CMSIS Pack Vendor :STMicroelectronics X-CUBE-TOF1 3.2.0
2023-03-24 20:51:24,027 [INFO] ThirdParty:999 - CMSIS Pack Vendor :STMicroelectronics PDM2PCM 3.2.0
2023-03-24 20:51:24,027 [INFO] ThirdParty:999 - CMSIS Pack Vendor :STMicroelectronics X-CUBE-AZRTOS-H7 3.0.0
2023-03-24 20:51:24,027 [INFO] ThirdParty:999 - CMSIS Pack Vendor :STMicroelectronics X-CUBE-TOF1 3.0.0
2023-03-24 20:51:24,027 [INFO] ThirdParty:999 - CMSIS Pack Vendor :STMicroelectronics X-CUBE-AI 5.0.0
2023-03-24 20:51:24,027 [INFO] ThirdParty:999 - CMSIS Pack Vendor :STMicroelectronics X-CUBE-ISPU 1.0.0
2023-03-24 20:51:24,027 [INFO] ThirdParty:815 - exiting critical section [change project]
2023-03-24 20:51:24,282 [INFO] PinOutPanel:1477 - setPackage(No Configuration,No Configuration)
2023-03-24 20:51:24,284 [INFO] PinOutPanel:1477 - setPackage(STM32L431RCTx,LQFP64)
2023-03-24 20:51:24,779 [INFO] UtilMem:74 - Before build in PCC Used Memory: 217787448 Bytes (369098752)
2023-03-24 20:51:25,368 [INFO] UtilMem:74 - After build in PCC Used Memory: 290809040 Bytes (369098752)
2023-03-24 20:51:25,396 [INFO] IPUIPlugin:79 - create IPUIPlugin
2023-03-24 20:51:25,397 [INFO] IPUIPlugin:79 - create IPUIPlugin
2023-03-24 20:51:25,397 [INFO] IPUIPlugin:79 - create IPUIPlugin
2023-03-24 20:51:25,397 [INFO] IPUIPlugin:79 - create IPUIPlugin
2023-03-24 20:51:25,397 [INFO] IPUIPlugin:79 - create IPUIPlugin
2023-03-24 20:51:25,397 [INFO] IPUIPlugin:79 - create IPUIPlugin
2023-03-24 20:51:25,397 [INFO] IPUIPlugin:79 - create IPUIPlugin
2023-03-24 20:51:25,397 [INFO] IPUIPlugin:79 - create IPUIPlugin
2023-03-24 20:51:25,397 [INFO] IPUIPlugin:79 - create IPUIPlugin
2023-03-24 20:51:25,397 [INFO] IPUIPlugin:79 - create IPUIPlugin
2023-03-24 20:51:25,397 [INFO] IPUIPlugin:79 - create IPUIPlugin
2023-03-24 20:51:25,397 [INFO] IPUIPlugin:79 - create IPUIPlugin
2023-03-24 20:51:25,398 [INFO] IPUIPlugin:79 - create IPUIPlugin
2023-03-24 20:51:25,398 [INFO] IPUIPlugin:79 - create IPUIPlugin
2023-03-24 20:51:25,398 [INFO] IPUIPlugin:79 - create IPUIPlugin
2023-03-24 20:51:25,398 [INFO] IPUIPlugin:79 - create IPUIPlugin
2023-03-24 20:51:25,398 [INFO] IPUIPlugin:79 - create IPUIPlugin
2023-03-24 20:51:25,398 [INFO] IPUIPlugin:79 - create IPUIPlugin
2023-03-24 20:51:25,398 [INFO] IPUIPlugin:79 - create IPUIPlugin
2023-03-24 20:51:25,399 [INFO] IPUIPlugin:79 - create IPUIPlugin
2023-03-24 20:51:25,399 [INFO] IPUIPlugin:79 - create IPUIPlugin
2023-03-24 20:51:25,399 [INFO] IPUIPlugin:79 - create IPUIPlugin
2023-03-24 20:51:25,399 [INFO] IPUIPlugin:79 - create IPUIPlugin
2023-03-24 20:51:25,399 [INFO] IPUIPlugin:79 - create IPUIPlugin
2023-03-24 20:51:25,400 [INFO] IPUIPlugin:79 - create IPUIPlugin
2023-03-24 20:51:25,400 [INFO] IPUIPlugin:79 - create IPUIPlugin
2023-03-24 20:51:25,400 [INFO] IPUIPlugin:79 - create IPUIPlugin
2023-03-24 20:51:25,400 [INFO] IPUIPlugin:79 - create IPUIPlugin
2023-03-24 20:51:25,400 [INFO] IPUIPlugin:79 - create IPUIPlugin
2023-03-24 20:51:25,400 [INFO] IPUIPlugin:79 - create IPUIPlugin
2023-03-24 20:51:25,400 [INFO] IPUIPlugin:79 - create IPUIPlugin
2023-03-24 20:51:25,401 [INFO] IPUIPlugin:79 - create IPUIPlugin
2023-03-24 20:51:25,401 [INFO] IPUIPlugin:79 - create IPUIPlugin
2023-03-24 20:51:25,401 [INFO] IPUIPlugin:79 - create IPUIPlugin
2023-03-24 20:51:25,401 [INFO] IPUIPlugin:79 - create IPUIPlugin
2023-03-24 20:51:25,401 [INFO] IPUIPlugin:79 - create IPUIPlugin
2023-03-24 20:51:25,401 [INFO] IPUIPlugin:79 - create IPUIPlugin
2023-03-24 20:51:25,402 [INFO] IPUIPlugin:79 - create IPUIPlugin
2023-03-24 20:51:25,402 [INFO] IPUIPlugin:79 - create IPUIPlugin
2023-03-24 20:51:25,402 [INFO] IPUIPlugin:79 - create IPUIPlugin
2023-03-24 20:51:25,402 [INFO] IPUIPlugin:79 - create IPUIPlugin
2023-03-24 20:51:25,402 [INFO] IPUIPlugin:79 - create IPUIPlugin
2023-03-24 20:51:25,402 [INFO] IPUIPlugin:79 - create IPUIPlugin
2023-03-24 20:51:25,570 [INFO] CADModel:164 - CPN selected for project levelSTM32L431RCT6
2023-03-24 20:51:25,570 [INFO] CADModel:113 - Register for checkConnection events
2023-03-24 20:51:25,607 [INFO] OpenFileManager:327 - Restore cursor
2023-03-24 20:51:25,938 [INFO] UtilMem:74 - End SaveConfig() Used Memory: 280209128 Bytes (369098752)
2023-03-24 20:51:26,344 [INFO] ServerAccessManage:474 - Download File stm32cube_fw_l4_v1170.zip
2023-03-24 20:52:22,332 [ERROR] FileExtend:454 - File entry not found
2023-03-24 20:52:22,344 [INFO] FileExtend:239 - Unzip File : stm32cube_fw_l4_v1170.zip
2023-03-24 20:52:22,344 [INFO] FileExtend:254 - Standard Zip Deflate
2023-03-24 20:52:44,316 [INFO] ServerAccessManage:474 - Download File stm32cube_fw_l4_v1172.zip
2023-03-24 20:53:01,290 [INFO] FileExtend:239 - Unzip File : stm32cube_fw_l4_v1172.zip
2023-03-24 20:53:01,290 [INFO] FileExtend:254 - Standard Zip Deflate
2023-03-24 20:53:07,706 [INFO] LoadServerPackagesThread:190 - End of LoadServerPackages Thread
2023-03-24 20:53:07,845 [INFO] ThirdPartyModel:294 - Start build external matchings
2023-03-24 20:53:07,857 [INFO] UtilMem:74 - End SaveConfig() Used Memory: 214628528 Bytes (1073741824)
2023-03-24 20:53:08,231 [INFO] BlockDiagram:2759 - set Specific Code input for plugin: NVIC
2023-03-24 20:53:08,232 [INFO] BlockDiagram:2759 - set Specific Code input for plugin: RCC
2023-03-24 20:53:08,233 [INFO] CodeGenerator:692 - code generatio: config db path: /home/carlos/st/stm32cubeide_1.11.2/plugins/com.st.stm32cube.common.mx_6.7.0.202301130839//db/
2023-03-24 20:53:08,540 [INFO] CodeEngine:247 - oldGeneratedFile, /home/carlos/Documents/FYCUS/Avionics FYCUS/Firmware/EPS_Firmware/MXTmpFiles/license.tmp_save
2023-03-24 20:53:08,841 [INFO] CodeEngine:271 - Generated code: /home/carlos/Documents/FYCUS/Avionics FYCUS/Firmware/EPS_Firmware/MXTmpFiles/license.tmp
2023-03-24 20:53:08,848 [INFO] CodeEngine:247 - oldGeneratedFile, /home/carlos/Documents/FYCUS/Avionics FYCUS/Firmware/EPS_Firmware/Core/Src/stm32l4xx_it.c_save
2023-03-24 20:53:08,990 [INFO] CodeEngine:271 - Generated code: /home/carlos/Documents/FYCUS/Avionics FYCUS/Firmware/EPS_Firmware/Core/Src/stm32l4xx_it.c
2023-03-24 20:53:08,997 [INFO] CodeEngine:247 - oldGeneratedFile, /home/carlos/Documents/FYCUS/Avionics FYCUS/Firmware/EPS_Firmware/Core/Inc/stm32l4xx_it.h_save
2023-03-24 20:53:09,069 [INFO] CodeEngine:271 - Generated code: /home/carlos/Documents/FYCUS/Avionics FYCUS/Firmware/EPS_Firmware/Core/Inc/stm32l4xx_it.h
2023-03-24 20:53:09,143 [INFO] CodeEngine:247 - oldGeneratedFile, /home/carlos/Documents/FYCUS/Avionics FYCUS/Firmware/EPS_Firmware/Core/Src/stm32l4xx_hal_msp.c_save
2023-03-24 20:53:09,244 [INFO] CodeEngine:271 - Generated code: /home/carlos/Documents/FYCUS/Avionics FYCUS/Firmware/EPS_Firmware/Core/Src/stm32l4xx_hal_msp.c
2023-03-24 20:53:09,246 [INFO] CodeEngine:247 - oldGeneratedFile, /home/carlos/Documents/FYCUS/Avionics FYCUS/Firmware/EPS_Firmware/MXTmpFiles/system.tmp_save
2023-03-24 20:53:09,317 [INFO] CodeEngine:271 - Generated code: /home/carlos/Documents/FYCUS/Avionics FYCUS/Firmware/EPS_Firmware/MXTmpFiles/system.tmp
2023-03-24 20:53:09,321 [INFO] CodeEngine:303 - oldGeneratedFile, /home/carlos/Documents/FYCUS/Avionics FYCUS/Firmware/EPS_Firmware/Core/Inc/stm32l4xx_hal_conf.h_save
2023-03-24 20:53:09,403 [INFO] CodeEngine:327 - Generated code: /home/carlos/Documents/FYCUS/Avionics FYCUS/Firmware/EPS_Firmware/Core/Inc/stm32l4xx_hal_conf.h
2023-03-24 20:53:09,461 [INFO] CodeEngine:247 - oldGeneratedFile, /home/carlos/Documents/FYCUS/Avionics FYCUS/Firmware/EPS_Firmware/Core/Inc/main.h_save
2023-03-24 20:53:09,461 [INFO] ThirdPartyModel:310 - End build external matchings
2023-03-24 20:53:09,485 [INFO] CheckServerUpdateThread:119 - End of CheckServer Thread
2023-03-24 20:53:09,549 [INFO] CodeEngine:271 - Generated code: /home/carlos/Documents/FYCUS/Avionics FYCUS/Firmware/EPS_Firmware/Core/Inc/main.h
2023-03-24 20:53:09,550 [INFO] CodeEngine:247 - oldGeneratedFile, /home/carlos/Documents/FYCUS/Avionics FYCUS/Firmware/EPS_Firmware/Core/Src/main.c_save
2023-03-24 20:53:09,657 [INFO] CodeEngine:271 - Generated code: /home/carlos/Documents/FYCUS/Avionics FYCUS/Firmware/EPS_Firmware/Core/Src/main.c
2023-03-24 20:53:10,329 [INFO] ProjectBuilder:2919 - Time for Copy HAL[1] : 31mS.
2023-03-24 20:53:10,338 [INFO] ProjectBuilder:4183 - Project Generator version: 3.18.0-B7
2023-03-24 20:53:10,610 [INFO] ConfigFileManager:1396 - The Die is : DIE435
2023-03-24 20:53:10,628 [INFO] ApiDbMcu:505 - Load IP Config File for FATFS
2023-03-24 20:53:10,651 [INFO] ApiDbMcu:505 - Load IP Config File for FREERTOS
2023-03-24 20:53:10,764 [INFO] ApiDbMcu:505 - Load IP Config File for TOUCHSENSING
2023-03-24 20:53:13,232 [INFO] ProjectBuilder:4351 - Time for Generating toolchain IDE Files: 2894mS.
2023-03-24 20:53:13,233 [INFO] ProjectBuilder:2790 - Time for Copy CMSIS : 1mS.
2023-03-24 20:53:13,233 [INFO] ProjectBuilder:2790 - Time for Copy CMSIS : 0mS.
2023-03-24 20:53:13,602 [INFO] McuFinderGlobals:65 - Set McuFinderConnectedMode to true
2023-03-24 20:53:13,605 [INFO] ApiDb:447 - Save user favorites file /home/carlos/.stm32cubeide/favorites.mcus.txt: 1 item(s)
2023-03-24 20:53:13,605 [INFO] ApiDb:451 - User favorites MCUs=[STM32F446RET6]
2023-03-24 20:53:21,856 [INFO] RtosManager:802 - Current active RTOS is FREERTOS [Cortex-M4NS]
2023-03-24 20:53:22,046 [WARN] FreeRTOS:562 - Case being investigated as it may cause exception (when called to early by set config state
2023-03-24 20:53:22,232 [ERROR] RtosPanel:557 - Can not restore the selected Tab for FREERTOS(A reason can be that the tab is no more available.)
2023-03-24 20:53:22,315 [ERROR] RtosPanel:557 - Can not restore the selected Tab for FREERTOS(A reason can be that the tab is no more available.)
2023-03-24 20:53:57,286 [INFO] I2cTimingTraitement:329 - 0x00000E14
2023-03-24 20:53:59,776 [INFO] I2cTimingTraitement:329 - 0x00000E14
2023-03-24 20:54:14,559 [INFO] I2cTimingTraitement:329 - 0x00000E14
2023-03-24 20:54:14,705 [INFO] I2cTimingTraitement:329 - 0x00000E14
2023-03-24 20:54:15,795 [INFO] I2cTimingTraitement:329 - 0x00000E14
2023-03-24 20:54:15,946 [INFO] I2cTimingTraitement:329 - 0x00000E14
2023-03-24 20:55:37,484 [WARN] MainPanel:362 - Warning: This peripheral has no parameters to be configured
2023-03-24 20:56:02,273 [INFO] I2cTimingTraitement:329 - 0x107075B0
2023-03-24 20:56:02,429 [INFO] I2cTimingTraitement:329 - 0x107075B0
2023-03-24 20:56:17,685 [INFO] I2cTimingTraitement:329 - 0x307075B1
2023-03-24 20:56:17,755 [INFO] I2cTimingTraitement:329 - 0x307075B1
2023-03-24 20:56:21,644 [INFO] I2cTimingTraitement:329 - 0x10909CEC
2023-03-24 20:56:21,682 [INFO] I2cTimingTraitement:329 - 0x10909CEC
2023-03-24 20:56:28,396 [INFO] I2cTimingTraitement:329 - 0x107075B0
2023-03-24 20:56:28,407 [INFO] I2cTimingTraitement:329 - 0x107075B0
2023-03-24 20:56:32,139 [INFO] I2cTimingTraitement:329 - 0x107075B0
2023-03-24 20:56:32,149 [INFO] I2cTimingTraitement:329 - 0x107075B0
2023-03-24 20:57:03,530 [ERROR] RtosPanel:557 - Can not restore the selected Tab for FREERTOS(A reason can be that the tab is no more available.)
2023-03-24 20:57:10,942 [INFO] TasksAndQueuesTab:756 - Dynamic
2023-03-24 20:57:10,942 [WARN] TasksAndQueuesTab:762 - 128 128
2023-03-24 20:57:10,943 [WARN] TasksAndQueuesTab:774 - max value is: 750.0
2023-03-24 20:57:29,297 [INFO] UtilMem:74 - End SaveConfig() Used Memory: 479638696 Bytes (699400192)
2023-03-24 20:57:29,345 [INFO] UtilMem:74 - End SaveConfig() Used Memory: 495367336 Bytes (699400192)
2023-03-24 20:57:30,280 [INFO] UtilMem:74 - End SaveConfig() Used Memory: 267157496 Bytes (699400192)
2023-03-24 20:57:30,465 [INFO] BlockDiagram:2759 - set Specific Code input for plugin: NVIC
2023-03-24 20:57:30,465 [INFO] BlockDiagram:2759 - set Specific Code input for plugin: FREERTOS
2023-03-24 20:57:30,465 [INFO] BlockDiagram:2759 - set Specific Code input for plugin: SYS
2023-03-24 20:57:30,465 [INFO] BlockDiagram:2759 - set Specific Code input for plugin: GPIO
2023-03-24 20:57:30,466 [INFO] BlockDiagram:2759 - set Specific Code input for plugin: RCC
2023-03-24 20:57:30,466 [INFO] BlockDiagram:2759 - set Specific Code input for plugin: I2C
2023-03-24 20:57:30,466 [INFO] BlockDiagram:2759 - set Specific Code input for plugin: LPUART
2023-03-24 20:57:30,466 [INFO] BlockDiagram:2759 - set Specific Code input for plugin: I2C
2023-03-24 20:57:30,466 [INFO] CodeGenerator:692 - code generatio: config db path: /home/carlos/st/stm32cubeide_1.11.2/plugins/com.st.stm32cube.common.mx_6.7.0.202301130839//db/
2023-03-24 20:57:30,622 [INFO] CodeEngine:247 - oldGeneratedFile, /home/carlos/Documents/FYCUS/Avionics FYCUS/Firmware/EPS_Firmware/MXTmpFiles/license.tmp_save
2023-03-24 20:57:30,685 [INFO] CodeEngine:271 - Generated code: /home/carlos/Documents/FYCUS/Avionics FYCUS/Firmware/EPS_Firmware/MXTmpFiles/license.tmp
2023-03-24 20:57:30,764 [INFO] CodeEngine:247 - oldGeneratedFile, /home/carlos/Documents/FYCUS/Avionics FYCUS/Firmware/EPS_Firmware/MXTmpFiles/gpio.tmp_save
2023-03-24 20:57:30,838 [INFO] CodeEngine:271 - Generated code: /home/carlos/Documents/FYCUS/Avionics FYCUS/Firmware/EPS_Firmware/MXTmpFiles/gpio.tmp
2023-03-24 20:57:31,120 [INFO] Middleware:1435 - No code input for Bsp Dependency
2023-03-24 20:57:31,134 [INFO] CodeEngine:247 - oldGeneratedFile, /home/carlos/Documents/FYCUS/Avionics FYCUS/Firmware/EPS_Firmware/MXTmpFiles/rtos_inc.tmp_save
2023-03-24 20:57:31,191 [INFO] CodeEngine:271 - Generated code: /home/carlos/Documents/FYCUS/Avionics FYCUS/Firmware/EPS_Firmware/MXTmpFiles/rtos_inc.tmp
2023-03-24 20:57:31,192 [INFO] CodeEngine:247 - oldGeneratedFile, /home/carlos/Documents/FYCUS/Avionics FYCUS/Firmware/EPS_Firmware/MXTmpFiles/rtos_kernelInit.tmp_save
2023-03-24 20:57:31,249 [INFO] CodeEngine:271 - Generated code: /home/carlos/Documents/FYCUS/Avionics FYCUS/Firmware/EPS_Firmware/MXTmpFiles/rtos_kernelInit.tmp
2023-03-24 20:57:31,250 [INFO] CodeEngine:247 - oldGeneratedFile, /home/carlos/Documents/FYCUS/Avionics FYCUS/Firmware/EPS_Firmware/MXTmpFiles/rtos_kernelStart.tmp_save
2023-03-24 20:57:31,308 [INFO] CodeEngine:271 - Generated code: /home/carlos/Documents/FYCUS/Avionics FYCUS/Firmware/EPS_Firmware/MXTmpFiles/rtos_kernelStart.tmp
2023-03-24 20:57:31,309 [INFO] CodeEngine:247 - oldGeneratedFile, /home/carlos/Documents/FYCUS/Avionics FYCUS/Firmware/EPS_Firmware/MXTmpFiles/rtos_typedefs.tmp_save
2023-03-24 20:57:31,366 [INFO] CodeEngine:271 - Generated code: /home/carlos/Documents/FYCUS/Avionics FYCUS/Firmware/EPS_Firmware/MXTmpFiles/rtos_typedefs.tmp
2023-03-24 20:57:31,367 [INFO] CodeEngine:247 - oldGeneratedFile, /home/carlos/Documents/FYCUS/Avionics FYCUS/Firmware/EPS_Firmware/MXTmpFiles/rtos_vars.tmp_save
2023-03-24 20:57:31,426 [INFO] CodeEngine:271 - Generated code: /home/carlos/Documents/FYCUS/Avionics FYCUS/Firmware/EPS_Firmware/MXTmpFiles/rtos_vars.tmp
2023-03-24 20:57:31,427 [INFO] CodeEngine:247 - oldGeneratedFile, /home/carlos/Documents/FYCUS/Avionics FYCUS/Firmware/EPS_Firmware/MXTmpFiles/rtos_pfp.tmp_save
2023-03-24 20:57:31,482 [INFO] CodeEngine:271 - Generated code: /home/carlos/Documents/FYCUS/Avionics FYCUS/Firmware/EPS_Firmware/MXTmpFiles/rtos_pfp.tmp
2023-03-24 20:57:31,483 [INFO] CodeEngine:247 - oldGeneratedFile, /home/carlos/Documents/FYCUS/Avionics FYCUS/Firmware/EPS_Firmware/MXTmpFiles/rtos_obj_creat.tmp_save
2023-03-24 20:57:31,541 [INFO] CodeEngine:271 - Generated code: /home/carlos/Documents/FYCUS/Avionics FYCUS/Firmware/EPS_Firmware/MXTmpFiles/rtos_obj_creat.tmp
2023-03-24 20:57:31,542 [INFO] CodeEngine:247 - oldGeneratedFile, /home/carlos/Documents/FYCUS/Avionics FYCUS/Firmware/EPS_Firmware/MXTmpFiles/rtos_default_thread.tmp_save
2023-03-24 20:57:31,595 [INFO] CodeEngine:271 - Generated code: /home/carlos/Documents/FYCUS/Avionics FYCUS/Firmware/EPS_Firmware/MXTmpFiles/rtos_default_thread.tmp
2023-03-24 20:57:31,597 [INFO] CodeEngine:247 - oldGeneratedFile, /home/carlos/Documents/FYCUS/Avionics FYCUS/Firmware/EPS_Firmware/MXTmpFiles/rtos_threads.tmp_save
2023-03-24 20:57:31,650 [INFO] CodeEngine:271 - Generated code: /home/carlos/Documents/FYCUS/Avionics FYCUS/Firmware/EPS_Firmware/MXTmpFiles/rtos_threads.tmp
2023-03-24 20:57:31,656 [INFO] Middleware:1435 - No code input for Bsp Dependency
2023-03-24 20:57:31,658 [INFO] CodeEngine:247 - oldGeneratedFile, /home/carlos/Documents/FYCUS/Avionics FYCUS/Firmware/EPS_Firmware/MXTmpFiles/rtos_inc.tmp_save
2023-03-24 20:57:31,710 [INFO] CodeEngine:271 - Generated code: /home/carlos/Documents/FYCUS/Avionics FYCUS/Firmware/EPS_Firmware/MXTmpFiles/rtos_inc.tmp
2023-03-24 20:57:31,711 [INFO] CodeEngine:247 - oldGeneratedFile, /home/carlos/Documents/FYCUS/Avionics FYCUS/Firmware/EPS_Firmware/MXTmpFiles/rtos_kernelInit.tmp_save
2023-03-24 20:57:31,770 [INFO] CodeEngine:271 - Generated code: /home/carlos/Documents/FYCUS/Avionics FYCUS/Firmware/EPS_Firmware/MXTmpFiles/rtos_kernelInit.tmp
2023-03-24 20:57:31,771 [INFO] CodeEngine:247 - oldGeneratedFile, /home/carlos/Documents/FYCUS/Avionics FYCUS/Firmware/EPS_Firmware/MXTmpFiles/rtos_kernelStart.tmp_save
2023-03-24 20:57:31,828 [INFO] CodeEngine:271 - Generated code: /home/carlos/Documents/FYCUS/Avionics FYCUS/Firmware/EPS_Firmware/MXTmpFiles/rtos_kernelStart.tmp
2023-03-24 20:57:31,829 [INFO] CodeEngine:247 - oldGeneratedFile, /home/carlos/Documents/FYCUS/Avionics FYCUS/Firmware/EPS_Firmware/MXTmpFiles/rtos_typedefs.tmp_save
2023-03-24 20:57:31,927 [INFO] CodeEngine:271 - Generated code: /home/carlos/Documents/FYCUS/Avionics FYCUS/Firmware/EPS_Firmware/MXTmpFiles/rtos_typedefs.tmp
2023-03-24 20:57:31,928 [INFO] CodeEngine:247 - oldGeneratedFile, /home/carlos/Documents/FYCUS/Avionics FYCUS/Firmware/EPS_Firmware/MXTmpFiles/rtos_vars.tmp_save
2023-03-24 20:57:32,021 [INFO] CodeEngine:271 - Generated code: /home/carlos/Documents/FYCUS/Avionics FYCUS/Firmware/EPS_Firmware/MXTmpFiles/rtos_vars.tmp
2023-03-24 20:57:32,022 [INFO] CodeEngine:247 - oldGeneratedFile, /home/carlos/Documents/FYCUS/Avionics FYCUS/Firmware/EPS_Firmware/MXTmpFiles/rtos_pfp.tmp_save
2023-03-24 20:57:32,081 [INFO] CodeEngine:271 - Generated code: /home/carlos/Documents/FYCUS/Avionics FYCUS/Firmware/EPS_Firmware/MXTmpFiles/rtos_pfp.tmp
2023-03-24 20:57:32,083 [INFO] CodeEngine:247 - oldGeneratedFile, /home/carlos/Documents/FYCUS/Avionics FYCUS/Firmware/EPS_Firmware/MXTmpFiles/rtos_obj_creat.tmp_save
2023-03-24 20:57:32,137 [INFO] CodeEngine:271 - Generated code: /home/carlos/Documents/FYCUS/Avionics FYCUS/Firmware/EPS_Firmware/MXTmpFiles/rtos_obj_creat.tmp
2023-03-24 20:57:32,138 [INFO] CodeEngine:247 - oldGeneratedFile, /home/carlos/Documents/FYCUS/Avionics FYCUS/Firmware/EPS_Firmware/MXTmpFiles/rtos_default_thread.tmp_save
2023-03-24 20:57:32,190 [INFO] CodeEngine:271 - Generated code: /home/carlos/Documents/FYCUS/Avionics FYCUS/Firmware/EPS_Firmware/MXTmpFiles/rtos_default_thread.tmp
2023-03-24 20:57:32,191 [INFO] CodeEngine:247 - oldGeneratedFile, /home/carlos/Documents/FYCUS/Avionics FYCUS/Firmware/EPS_Firmware/MXTmpFiles/rtos_threads.tmp_save
2023-03-24 20:57:32,241 [INFO] CodeEngine:271 - Generated code: /home/carlos/Documents/FYCUS/Avionics FYCUS/Firmware/EPS_Firmware/MXTmpFiles/rtos_threads.tmp
2023-03-24 20:57:32,243 [INFO] CodeEngine:247 - oldGeneratedFile, /home/carlos/Documents/FYCUS/Avionics FYCUS/Firmware/EPS_Firmware/Core/Inc/FreeRTOSConfig.h_save
2023-03-24 20:57:32,316 [INFO] CodeEngine:271 - Generated code: /home/carlos/Documents/FYCUS/Avionics FYCUS/Firmware/EPS_Firmware/Core/Inc/FreeRTOSConfig.h
2023-03-24 20:57:32,317 [INFO] CodeEngine:247 - oldGeneratedFile, /home/carlos/Documents/FYCUS/Avionics FYCUS/Firmware/EPS_Firmware/Core/Src/freertos.c_save
2023-03-24 20:57:32,372 [INFO] CodeEngine:271 - Generated code: /home/carlos/Documents/FYCUS/Avionics FYCUS/Firmware/EPS_Firmware/Core/Src/freertos.c
2023-03-24 20:57:32,375 [INFO] CodeEngine:247 - oldGeneratedFile, /home/carlos/Documents/FYCUS/Avionics FYCUS/Firmware/EPS_Firmware/Core/Src/stm32l4xx_it.c_save
2023-03-24 20:57:32,453 [INFO] CodeEngine:271 - Generated code: /home/carlos/Documents/FYCUS/Avionics FYCUS/Firmware/EPS_Firmware/Core/Src/stm32l4xx_it.c
2023-03-24 20:57:32,454 [INFO] CodeEngine:247 - oldGeneratedFile, /home/carlos/Documents/FYCUS/Avionics FYCUS/Firmware/EPS_Firmware/Core/Inc/stm32l4xx_it.h_save
2023-03-24 20:57:32,507 [INFO] CodeEngine:271 - Generated code: /home/carlos/Documents/FYCUS/Avionics FYCUS/Firmware/EPS_Firmware/Core/Inc/stm32l4xx_it.h
2023-03-24 20:57:32,511 [INFO] CodeEngine:247 - oldGeneratedFile, /home/carlos/Documents/FYCUS/Avionics FYCUS/Firmware/EPS_Firmware/Core/Src/stm32l4xx_hal_msp.c_save
2023-03-24 20:57:32,604 [INFO] CodeEngine:271 - Generated code: /home/carlos/Documents/FYCUS/Avionics FYCUS/Firmware/EPS_Firmware/Core/Src/stm32l4xx_hal_msp.c
2023-03-24 20:57:32,605 [INFO] CodeEngine:247 - oldGeneratedFile, /home/carlos/Documents/FYCUS/Avionics FYCUS/Firmware/EPS_Firmware/MXTmpFiles/system.tmp_save
2023-03-24 20:57:32,656 [INFO] CodeEngine:271 - Generated code: /home/carlos/Documents/FYCUS/Avionics FYCUS/Firmware/EPS_Firmware/MXTmpFiles/system.tmp
2023-03-24 20:57:32,657 [INFO] CodeEngine:247 - oldGeneratedFile, /home/carlos/Documents/FYCUS/Avionics FYCUS/Firmware/EPS_Firmware/Core/Src/stm32l4xx_hal_timebase_tim.c_save
2023-03-24 20:57:32,714 [INFO] CodeEngine:271 - Generated code: /home/carlos/Documents/FYCUS/Avionics FYCUS/Firmware/EPS_Firmware/Core/Src/stm32l4xx_hal_timebase_tim.c
2023-03-24 20:57:32,716 [INFO] CodeEngine:303 - oldGeneratedFile, /home/carlos/Documents/FYCUS/Avionics FYCUS/Firmware/EPS_Firmware/Core/Inc/stm32l4xx_hal_conf.h_save
2023-03-24 20:57:32,773 [INFO] CodeEngine:327 - Generated code: /home/carlos/Documents/FYCUS/Avionics FYCUS/Firmware/EPS_Firmware/Core/Inc/stm32l4xx_hal_conf.h
2023-03-24 20:57:32,803 [INFO] CodeEngine:247 - oldGeneratedFile, /home/carlos/Documents/FYCUS/Avionics FYCUS/Firmware/EPS_Firmware/Core/Inc/main.h_save
2023-03-24 20:57:32,857 [INFO] CodeEngine:271 - Generated code: /home/carlos/Documents/FYCUS/Avionics FYCUS/Firmware/EPS_Firmware/Core/Inc/main.h
2023-03-24 20:57:32,858 [INFO] CodeEngine:247 - oldGeneratedFile, /home/carlos/Documents/FYCUS/Avionics FYCUS/Firmware/EPS_Firmware/Core/Src/main.c_save
2023-03-24 20:57:33,010 [INFO] CodeEngine:271 - Generated code: /home/carlos/Documents/FYCUS/Avionics FYCUS/Firmware/EPS_Firmware/Core/Src/main.c
2023-03-24 20:57:33,412 [INFO] ProjectBuilder:2919 - Time for Copy HAL[1] : 42mS.
2023-03-24 20:57:33,415 [INFO] ProjectBuilder:4183 - Project Generator version: 3.18.0-B7
2023-03-24 20:57:33,722 [INFO] ConfigFileManager:1396 - The Die is : DIE435
2023-03-24 20:57:34,768 [INFO] ProjectBuilder:4351 - Time for Generating toolchain IDE Files: 1353mS.
2023-03-24 20:57:34,769 [INFO] ProjectBuilder:2790 - Time for Copy CMSIS : 0mS.
2023-03-24 20:57:34,769 [INFO] ProjectBuilder:2790 - Time for Copy CMSIS : 0mS.
2023-03-24 20:59:05,965 [INFO] WebAppUi:459 - Close the Jxbrowser engine manually
2023-03-24 20:59:05,994 [INFO] WebAppUi:462 - Profiles folder deleted
2023-03-24 20:59:06,175 [ERROR] LogOutputStream:74 - [STDERR_REDIRECT] 
